2025-07-14 23:30:56 0 [Note] Starting MariaDB 11.8.2-MariaDB source revision 8d36cafe4fc700e6e577d5a36650c58707e76b92 server_uid qxm/hGf4nmk6IHPqlcuJ4qiRXfE= as process 12516
2025-07-14 23:30:56 0 [Note] InnoDB: The first data file './ibdata1' did not exist. A new tablespace will be created!
2025-07-14 23:30:56 0 [Note] InnoDB: Compressed tables use zlib 1.3.1
2025-07-14 23:30:56 0 [Note] InnoDB: Number of transaction pools: 1
2025-07-14 23:30:56 0 [Note] InnoDB: Using crc32 + pclmulqdq instructions
2025-07-14 23:30:56 0 [Note] InnoDB: innodb_buffer_pool_size_max=128m, innodb_buffer_pool_size=128m
2025-07-14 23:30:56 0 [Note] InnoDB: Completed initialization of buffer pool
2025-07-14 23:30:56 0 [Note] InnoDB: Setting file './ibdata1' size to 12.000MiB. Physically writing the file full; Please wait ...
2025-07-14 23:30:56 0 [Note] InnoDB: File './ibdata1' size is now 12.000MiB.
2025-07-14 23:30:56 0 [Note] InnoDB: File system buffers for log disabled (block size=4096 bytes)
2025-07-14 23:30:57 0 [Note] InnoDB: Data file .//undo001 did not exist: new to be created
2025-07-14 23:30:57 0 [Note] InnoDB: Setting file .//undo001 size to 10.000MiB
2025-07-14 23:30:57 0 [Note] InnoDB: Database physically writes the file full: wait...
2025-07-14 23:30:57 0 [Note] InnoDB: Data file .//undo002 did not exist: new to be created
2025-07-14 23:30:57 0 [Note] InnoDB: Setting file .//undo002 size to 10.000MiB
2025-07-14 23:30:57 0 [Note] InnoDB: Database physically writes the file full: wait...
2025-07-14 23:30:57 0 [Note] InnoDB: Data file .//undo003 did not exist: new to be created
2025-07-14 23:30:57 0 [Note] InnoDB: Setting file .//undo003 size to 10.000MiB
2025-07-14 23:30:57 0 [Note] InnoDB: Database physically writes the file full: wait...
2025-07-14 23:30:57 0 [Note] InnoDB: Doublewrite buffer not found: creating new
2025-07-14 23:30:57 0 [Note] InnoDB: Doublewrite buffer created
2025-07-14 23:30:57 0 [Note] InnoDB: Opened 3 undo tablespaces
2025-07-14 23:30:57 0 [Note] InnoDB: 128 rollback segments in 3 undo tablespaces are active.
2025-07-14 23:30:57 0 [Note] InnoDB: Setting file './ibtmp1' size to 12.000MiB. Physically writing the file full; Please wait ...
2025-07-14 23:30:57 0 [Note] InnoDB: File './ibtmp1' size is now 12.000MiB.
2025-07-14 23:30:57 0 [Note] InnoDB: log sequence number 0; transaction id 3
2025-07-14 23:30:57 0 [Note] Plugin 'FEEDBACK' is disabled.
2025-07-14 23:30:57 0 [Note] mysqld.exe: SSPI: using principal name 'localhost', mech 'Negotiate'
2025-07-14 23:30:57 0 [ERROR] Could not open mysql.plugin table: "Table 'mysql.plugin' doesn't exist". Some plugins may be not loaded
2025-07-14 23:30:57 0 [ERROR] Can't open and lock privilege tables: Table 'mysql.servers' doesn't exist
2025-07-14 23:30:58 0 [Note] Server socket created on IP: '::'.
2025-07-14 23:30:58 0 [Note] Server socket created on IP: '0.0.0.0'.
2025-07-14 23:30:58 0 [ERROR] Fatal error: Can't open and lock privilege tables: Table 'mysql.db' doesn't exist
2025-07-14 23:30:58 0 [ERROR] Aborting
2025-07-14 23:32:27 0 [Note] Starting MariaDB 11.8.2-MariaDB source revision 8d36cafe4fc700e6e577d5a36650c58707e76b92 server_uid qxm/hGf4nmk6IHPqlcuJ4qiRXfE= as process 2868
2025-07-14 23:32:27 0 [Note] InnoDB: Compressed tables use zlib 1.3.1
2025-07-14 23:32:27 0 [Note] InnoDB: Number of transaction pools: 1
2025-07-14 23:32:27 0 [Note] InnoDB: Using crc32 + pclmulqdq instructions
2025-07-14 23:32:27 0 [Note] InnoDB: innodb_buffer_pool_size_max=128m, innodb_buffer_pool_size=128m
2025-07-14 23:32:27 0 [Note] InnoDB: Completed initialization of buffer pool
2025-07-14 23:32:27 0 [Note] InnoDB: File system buffers for log disabled (block size=4096 bytes)
2025-07-14 23:32:27 0 [Note] InnoDB: End of log at LSN=37792
2025-07-14 23:32:27 0 [Note] InnoDB: Opened 3 undo tablespaces
2025-07-14 23:32:27 0 [Note] InnoDB: 128 rollback segments in 3 undo tablespaces are active.
2025-07-14 23:32:27 0 [Note] InnoDB: Setting file './ibtmp1' size to 12.000MiB. Physically writing the file full; Please wait ...
2025-07-14 23:32:27 0 [Note] InnoDB: File './ibtmp1' size is now 12.000MiB.
2025-07-14 23:32:27 0 [Note] InnoDB: log sequence number 37792; transaction id 4
2025-07-14 23:32:27 0 [Note] Plugin 'FEEDBACK' is disabled.
2025-07-14 23:32:27 0 [Note] InnoDB: Loading buffer pool(s) from C:\Users\Kamshory\OneDrive\Desktop\Server\data\ib_buffer_pool
2025-07-14 23:32:27 0 [Note] mysqld.exe: SSPI: using principal name 'localhost', mech 'Negotiate'
2025-07-14 23:32:27 0 [Note] InnoDB: Buffer pool(s) load completed at 250714 23:32:27
2025-07-14 23:32:27 0 [ERROR] Could not open mysql.plugin table: "Table 'mysql.plugin' doesn't exist". Some plugins may be not loaded
2025-07-14 23:32:27 0 [ERROR] Can't open and lock privilege tables: Table 'mysql.servers' doesn't exist
2025-07-14 23:32:28 0 [Note] Server socket created on IP: '::'.
2025-07-14 23:32:28 0 [Note] Server socket created on IP: '0.0.0.0'.
2025-07-14 23:32:28 0 [ERROR] Fatal error: Can't open and lock privilege tables: Table 'mysql.db' doesn't exist
2025-07-14 23:32:28 0 [ERROR] Aborting
2025-07-14 23:33:04 0 [Note] Starting MariaDB 11.8.2-MariaDB source revision 8d36cafe4fc700e6e577d5a36650c58707e76b92 server_uid qxm/hGf4nmk6IHPqlcuJ4qiRXfE= as process 16724
2025-07-14 23:33:04 0 [Note] InnoDB: Compressed tables use zlib 1.3.1
2025-07-14 23:33:04 0 [Note] InnoDB: Number of transaction pools: 1
2025-07-14 23:33:04 0 [Note] InnoDB: Using crc32 + pclmulqdq instructions
2025-07-14 23:33:04 0 [Note] InnoDB: innodb_buffer_pool_size_max=128m, innodb_buffer_pool_size=128m
2025-07-14 23:33:04 0 [Note] InnoDB: Completed initialization of buffer pool
2025-07-14 23:33:04 0 [Note] InnoDB: File system buffers for log disabled (block size=4096 bytes)
2025-07-14 23:33:04 0 [Note] InnoDB: End of log at LSN=37792
2025-07-14 23:33:04 0 [Note] InnoDB: Opened 3 undo tablespaces
2025-07-14 23:33:04 0 [Note] InnoDB: 128 rollback segments in 3 undo tablespaces are active.
2025-07-14 23:33:04 0 [Note] InnoDB: Setting file './ibtmp1' size to 12.000MiB. Physically writing the file full; Please wait ...
2025-07-14 23:33:04 0 [Note] InnoDB: File './ibtmp1' size is now 12.000MiB.
2025-07-14 23:33:04 0 [Note] InnoDB: log sequence number 37792; transaction id 4
2025-07-14 23:33:04 0 [Note] Plugin 'FEEDBACK' is disabled.
2025-07-14 23:33:04 0 [Note] InnoDB: Loading buffer pool(s) from C:\Users\Kamshory\OneDrive\Desktop\Server\data\ib_buffer_pool
2025-07-14 23:33:04 0 [Note] InnoDB: Buffer pool(s) load completed at 250714 23:33:04
2025-07-14 23:33:04 0 [Note] mysqld.exe: SSPI: using principal name 'localhost', mech 'Negotiate'
2025-07-14 23:33:04 0 [ERROR] Could not open mysql.plugin table: "Table 'mysql.plugin' doesn't exist". Some plugins may be not loaded
2025-07-14 23:33:04 0 [ERROR] Can't open and lock privilege tables: Table 'mysql.servers' doesn't exist
2025-07-14 23:33:04 0 [Note] Server socket created on IP: '::'.
2025-07-14 23:33:04 0 [Note] Server socket created on IP: '0.0.0.0'.
2025-07-14 23:33:04 0 [ERROR] Fatal error: Can't open and lock privilege tables: Table 'mysql.db' doesn't exist
2025-07-14 23:33:04 0 [ERROR] Aborting
2025-07-14 23:33:42 0 [Note] Starting MariaDB 11.8.2-MariaDB source revision 8d36cafe4fc700e6e577d5a36650c58707e76b92 server_uid qxm/hGf4nmk6IHPqlcuJ4qiRXfE= as process 11976
2025-07-14 23:33:42 0 [Note] InnoDB: Compressed tables use zlib 1.3.1
2025-07-14 23:33:42 0 [Note] InnoDB: Number of transaction pools: 1
2025-07-14 23:33:42 0 [Note] InnoDB: Using crc32 + pclmulqdq instructions
2025-07-14 23:33:42 0 [Note] InnoDB: innodb_buffer_pool_size_max=128m, innodb_buffer_pool_size=128m
2025-07-14 23:33:42 0 [Note] InnoDB: Completed initialization of buffer pool
2025-07-14 23:33:42 0 [Note] InnoDB: File system buffers for log disabled (block size=4096 bytes)
2025-07-14 23:33:42 0 [Note] InnoDB: End of log at LSN=37792
2025-07-14 23:33:42 0 [Note] InnoDB: Opened 3 undo tablespaces
2025-07-14 23:33:42 0 [Note] InnoDB: 128 rollback segments in 3 undo tablespaces are active.
2025-07-14 23:33:42 0 [Note] InnoDB: Setting file './ibtmp1' size to 12.000MiB. Physically writing the file full; Please wait ...
2025-07-14 23:33:42 0 [Note] InnoDB: File './ibtmp1' size is now 12.000MiB.
2025-07-14 23:33:42 0 [Note] InnoDB: log sequence number 37792; transaction id 4
2025-07-14 23:33:42 0 [Note] Plugin 'FEEDBACK' is disabled.
2025-07-14 23:33:42 0 [Note] InnoDB: Loading buffer pool(s) from C:\Users\Kamshory\OneDrive\Desktop\Server\data\ib_buffer_pool
2025-07-14 23:33:42 0 [Note] mysqld.exe: SSPI: using principal name 'localhost', mech 'Negotiate'
2025-07-14 23:33:42 0 [Note] InnoDB: Buffer pool(s) load completed at 250714 23:33:42
2025-07-14 23:33:42 0 [ERROR] Could not open mysql.plugin table: "Table 'mysql.plugin' doesn't exist". Some plugins may be not loaded
2025-07-14 23:33:42 0 [ERROR] Can't open and lock privilege tables: Table 'mysql.servers' doesn't exist
2025-07-14 23:33:45 0 [Note] Server socket created on IP: '::'.
2025-07-14 23:33:45 0 [Note] Server socket created on IP: '0.0.0.0'.
2025-07-14 23:33:45 0 [ERROR] Fatal error: Can't open and lock privilege tables: Table 'mysql.db' doesn't exist
2025-07-14 23:33:45 0 [ERROR] Aborting
2025-07-14 23:34:22 0 [Note] Starting MariaDB 11.8.2-MariaDB source revision 8d36cafe4fc700e6e577d5a36650c58707e76b92 server_uid qxm/hGf4nmk6IHPqlcuJ4qiRXfE= as process 3796
2025-07-14 23:34:22 0 [Note] InnoDB: Compressed tables use zlib 1.3.1
2025-07-14 23:34:22 0 [Note] InnoDB: Number of transaction pools: 1
2025-07-14 23:34:22 0 [Note] InnoDB: Using crc32 + pclmulqdq instructions
2025-07-14 23:34:22 0 [Note] InnoDB: innodb_buffer_pool_size_max=128m, innodb_buffer_pool_size=128m
2025-07-14 23:34:22 0 [Note] InnoDB: Completed initialization of buffer pool
2025-07-14 23:34:22 0 [Note] InnoDB: File system buffers for log disabled (block size=4096 bytes)
2025-07-14 23:34:22 0 [Note] InnoDB: End of log at LSN=37792
2025-07-14 23:34:22 0 [Note] InnoDB: Opened 3 undo tablespaces
2025-07-14 23:34:22 0 [Note] InnoDB: 128 rollback segments in 3 undo tablespaces are active.
2025-07-14 23:34:22 0 [Note] InnoDB: Setting file './ibtmp1' size to 12.000MiB. Physically writing the file full; Please wait ...
2025-07-14 23:34:22 0 [Note] InnoDB: File './ibtmp1' size is now 12.000MiB.
2025-07-14 23:34:22 0 [Note] InnoDB: log sequence number 37792; transaction id 4
2025-07-14 23:34:22 0 [Note] Plugin 'FEEDBACK' is disabled.
2025-07-14 23:34:22 0 [Note] InnoDB: Loading buffer pool(s) from C:\Users\Kamshory\OneDrive\Desktop\Server\data\ib_buffer_pool
2025-07-14 23:34:22 0 [Note] mysqld.exe: SSPI: using principal name 'localhost', mech 'Negotiate'
2025-07-14 23:34:22 0 [Note] InnoDB: Buffer pool(s) load completed at 250714 23:34:22
2025-07-14 23:34:22 0 [ERROR] Could not open mysql.plugin table: "Table 'mysql.plugin' doesn't exist". Some plugins may be not loaded
2025-07-14 23:34:22 0 [ERROR] Can't open and lock privilege tables: Table 'mysql.servers' doesn't exist
2025-07-14 23:34:23 0 [Note] Server socket created on IP: '::'.
2025-07-14 23:34:23 0 [Note] Server socket created on IP: '0.0.0.0'.
2025-07-14 23:34:23 0 [ERROR] Fatal error: Can't open and lock privilege tables: Table 'mysql.db' doesn't exist
2025-07-14 23:34:23 0 [ERROR] Aborting
2025-07-14 23:36:12 0 [Note] Starting MariaDB 11.8.2-MariaDB source revision 8d36cafe4fc700e6e577d5a36650c58707e76b92 server_uid qxm/hGf4nmk6IHPqlcuJ4qiRXfE= as process 9724
2025-07-14 23:36:13 0 [Note] InnoDB: Compressed tables use zlib 1.3.1
2025-07-14 23:36:13 0 [Note] InnoDB: Number of transaction pools: 1
2025-07-14 23:36:13 0 [Note] InnoDB: Using crc32 + pclmulqdq instructions
2025-07-14 23:36:13 0 [Note] InnoDB: innodb_buffer_pool_size_max=128m, innodb_buffer_pool_size=128m
2025-07-14 23:36:13 0 [Note] InnoDB: Completed initialization of buffer pool
2025-07-14 23:36:13 0 [Note] InnoDB: File system buffers for log disabled (block size=4096 bytes)
2025-07-14 23:36:13 0 [Note] InnoDB: End of log at LSN=37792
2025-07-14 23:36:13 0 [Note] InnoDB: Opened 3 undo tablespaces
2025-07-14 23:36:13 0 [Note] InnoDB: 128 rollback segments in 3 undo tablespaces are active.
2025-07-14 23:36:13 0 [Note] InnoDB: Setting file './ibtmp1' size to 12.000MiB. Physically writing the file full; Please wait ...
2025-07-14 23:36:13 0 [Note] InnoDB: File './ibtmp1' size is now 12.000MiB.
2025-07-14 23:36:13 0 [Note] InnoDB: log sequence number 37792; transaction id 4
2025-07-14 23:36:13 0 [Note] Plugin 'FEEDBACK' is disabled.
2025-07-14 23:36:13 0 [Note] InnoDB: Loading buffer pool(s) from C:\Users\Kamshory\OneDrive\Desktop\Server\data\ib_buffer_pool
2025-07-14 23:36:13 0 [Note] mysqld.exe: SSPI: using principal name 'localhost', mech 'Negotiate'
2025-07-14 23:36:13 0 [Note] InnoDB: Buffer pool(s) load completed at 250714 23:36:13
2025-07-14 23:36:13 0 [ERROR] Could not open mysql.plugin table: "Table 'mysql.plugin' doesn't exist". Some plugins may be not loaded
2025-07-14 23:36:13 0 [ERROR] Can't open and lock privilege tables: Table 'mysql.servers' doesn't exist
2025-07-14 23:36:14 0 [Note] Server socket created on IP: '::'.
2025-07-14 23:36:14 0 [Note] Server socket created on IP: '0.0.0.0'.
2025-07-14 23:36:14 0 [ERROR] Fatal error: Can't open and lock privilege tables: Table 'mysql.db' doesn't exist
2025-07-14 23:36:14 0 [ERROR] Aborting
2025-07-14 23:36:46 0 [Note] Starting MariaDB 11.8.2-MariaDB source revision 8d36cafe4fc700e6e577d5a36650c58707e76b92 server_uid qxm/hGf4nmk6IHPqlcuJ4qiRXfE= as process 5240
2025-07-14 23:36:46 0 [Note] InnoDB: Compressed tables use zlib 1.3.1
2025-07-14 23:36:46 0 [Note] InnoDB: Number of transaction pools: 1
2025-07-14 23:36:46 0 [Note] InnoDB: Using crc32 + pclmulqdq instructions
2025-07-14 23:36:46 0 [Note] InnoDB: innodb_buffer_pool_size_max=128m, innodb_buffer_pool_size=128m
2025-07-14 23:36:46 0 [Note] InnoDB: Completed initialization of buffer pool
2025-07-14 23:36:46 0 [Note] InnoDB: File system buffers for log disabled (block size=4096 bytes)
2025-07-14 23:36:46 0 [Note] InnoDB: End of log at LSN=37792
2025-07-14 23:36:46 0 [Note] InnoDB: Opened 3 undo tablespaces
2025-07-14 23:36:46 0 [Note] InnoDB: 128 rollback segments in 3 undo tablespaces are active.
2025-07-14 23:36:46 0 [Note] InnoDB: Setting file './ibtmp1' size to 12.000MiB. Physically writing the file full; Please wait ...
2025-07-14 23:36:46 0 [Note] InnoDB: File './ibtmp1' size is now 12.000MiB.
2025-07-14 23:36:46 0 [Note] InnoDB: log sequence number 37792; transaction id 4
2025-07-14 23:36:46 0 [Note] Plugin 'FEEDBACK' is disabled.
2025-07-14 23:36:46 0 [Note] mysqld.exe: SSPI: using principal name 'localhost', mech 'Negotiate'
2025-07-14 23:36:46 0 [ERROR] Could not open mysql.plugin table: "Table 'mysql.plugin' doesn't exist". Some plugins may be not loaded
2025-07-14 23:36:46 0 [Note] InnoDB: Loading buffer pool(s) from C:\Users\Kamshory\OneDrive\Desktop\Server\data\ib_buffer_pool
2025-07-14 23:36:46 0 [ERROR] Can't open and lock privilege tables: Table 'mysql.servers' doesn't exist
2025-07-14 23:36:46 0 [Note] InnoDB: Buffer pool(s) load completed at 250714 23:36:46
2025-07-14 23:36:49 0 [Note] Server socket created on IP: '::'.
2025-07-14 23:36:49 0 [Note] Server socket created on IP: '0.0.0.0'.
2025-07-14 23:36:49 0 [ERROR] Fatal error: Can't open and lock privilege tables: Table 'mysql.db' doesn't exist
2025-07-14 23:36:49 0 [ERROR] Aborting
2025-07-14 23:37:33 0 [Note] Starting MariaDB 11.8.2-MariaDB source revision 8d36cafe4fc700e6e577d5a36650c58707e76b92 server_uid qxm/hGf4nmk6IHPqlcuJ4qiRXfE= as process 8228
2025-07-14 23:37:33 0 [Note] InnoDB: Compressed tables use zlib 1.3.1
2025-07-14 23:37:33 0 [Note] InnoDB: Number of transaction pools: 1
2025-07-14 23:37:33 0 [Note] InnoDB: Using crc32 + pclmulqdq instructions
2025-07-14 23:37:33 0 [Note] InnoDB: innodb_buffer_pool_size_max=128m, innodb_buffer_pool_size=128m
2025-07-14 23:37:33 0 [Note] InnoDB: Completed initialization of buffer pool
2025-07-14 23:37:33 0 [Note] InnoDB: File system buffers for log disabled (block size=4096 bytes)
2025-07-14 23:37:33 0 [Note] InnoDB: End of log at LSN=37792
2025-07-14 23:37:33 0 [Note] InnoDB: Opened 3 undo tablespaces
2025-07-14 23:37:33 0 [Note] InnoDB: 128 rollback segments in 3 undo tablespaces are active.
2025-07-14 23:37:33 0 [Note] InnoDB: Setting file './ibtmp1' size to 12.000MiB. Physically writing the file full; Please wait ...
2025-07-14 23:37:33 0 [Note] InnoDB: File './ibtmp1' size is now 12.000MiB.
2025-07-14 23:37:33 0 [Note] InnoDB: log sequence number 37792; transaction id 4
2025-07-14 23:37:33 0 [Note] Plugin 'FEEDBACK' is disabled.
2025-07-14 23:37:33 0 [Note] InnoDB: Loading buffer pool(s) from C:\Users\Kamshory\OneDrive\Desktop\Server\data\ib_buffer_pool
2025-07-14 23:37:33 0 [Note] mysqld.exe: SSPI: using principal name 'localhost', mech 'Negotiate'
2025-07-14 23:37:33 0 [Note] InnoDB: Buffer pool(s) load completed at 250714 23:37:33
2025-07-14 23:37:33 0 [ERROR] Could not open mysql.plugin table: "Table 'mysql.plugin' doesn't exist". Some plugins may be not loaded
2025-07-14 23:37:33 0 [ERROR] Can't open and lock privilege tables: Table 'mysql.servers' doesn't exist
2025-07-14 23:37:34 0 [Note] Server socket created on IP: '::'.
2025-07-14 23:37:34 0 [Note] Server socket created on IP: '0.0.0.0'.
2025-07-14 23:37:34 0 [ERROR] Fatal error: Can't open and lock privilege tables: Table 'mysql.db' doesn't exist
2025-07-14 23:37:34 0 [ERROR] Aborting
2025-07-14 23:37:46 0 [Note] Starting MariaDB 11.8.2-MariaDB source revision 8d36cafe4fc700e6e577d5a36650c58707e76b92 server_uid qxm/hGf4nmk6IHPqlcuJ4qiRXfE= as process 13256
2025-07-14 23:37:46 0 [Note] InnoDB: Compressed tables use zlib 1.3.1
2025-07-14 23:37:46 0 [Note] InnoDB: Number of transaction pools: 1
2025-07-14 23:37:46 0 [Note] InnoDB: Using crc32 + pclmulqdq instructions
2025-07-14 23:37:46 0 [Note] InnoDB: innodb_buffer_pool_size_max=128m, innodb_buffer_pool_size=128m
2025-07-14 23:37:46 0 [Note] InnoDB: Completed initialization of buffer pool
2025-07-14 23:37:46 0 [Note] InnoDB: File system buffers for log disabled (block size=4096 bytes)
2025-07-14 23:37:46 0 [Note] InnoDB: End of log at LSN=37792
2025-07-14 23:37:47 0 [Note] InnoDB: Opened 3 undo tablespaces
2025-07-14 23:37:47 0 [Note] InnoDB: 128 rollback segments in 3 undo tablespaces are active.
2025-07-14 23:37:47 0 [Note] InnoDB: Setting file './ibtmp1' size to 12.000MiB. Physically writing the file full; Please wait ...
2025-07-14 23:37:47 0 [Note] InnoDB: File './ibtmp1' size is now 12.000MiB.
2025-07-14 23:37:47 0 [Note] InnoDB: log sequence number 37792; transaction id 4
2025-07-14 23:37:47 0 [Note] Plugin 'FEEDBACK' is disabled.
2025-07-14 23:37:47 0 [Note] InnoDB: Loading buffer pool(s) from C:\Users\Kamshory\OneDrive\Desktop\Server\data\ib_buffer_pool
2025-07-14 23:37:47 0 [Note] mysqld.exe: SSPI: using principal name 'localhost', mech 'Negotiate'
2025-07-14 23:37:47 0 [Note] InnoDB: Buffer pool(s) load completed at 250714 23:37:47
2025-07-14 23:37:47 0 [ERROR] Could not open mysql.plugin table: "Table 'mysql.plugin' doesn't exist". Some plugins may be not loaded
2025-07-14 23:37:47 0 [ERROR] Can't open and lock privilege tables: Table 'mysql.servers' doesn't exist
2025-07-14 23:37:47 0 [Note] Server socket created on IP: '::'.
2025-07-14 23:37:47 0 [Note] Server socket created on IP: '0.0.0.0'.
2025-07-14 23:37:47 0 [ERROR] Fatal error: Can't open and lock privilege tables: Table 'mysql.db' doesn't exist
2025-07-14 23:37:47 0 [ERROR] Aborting
2025-07-14 23:39:14 0 [Note] Starting MariaDB 11.8.2-MariaDB source revision 8d36cafe4fc700e6e577d5a36650c58707e76b92 server_uid qxm/hGf4nmk6IHPqlcuJ4qiRXfE= as process 6368
2025-07-14 23:39:14 0 [Note] InnoDB: Compressed tables use zlib 1.3.1
2025-07-14 23:39:14 0 [Note] InnoDB: Number of transaction pools: 1
2025-07-14 23:39:14 0 [Note] InnoDB: Using crc32 + pclmulqdq instructions
2025-07-14 23:39:14 0 [Note] InnoDB: innodb_buffer_pool_size_max=128m, innodb_buffer_pool_size=128m
2025-07-14 23:39:14 0 [Note] InnoDB: Completed initialization of buffer pool
2025-07-14 23:39:14 0 [Note] InnoDB: File system buffers for log disabled (block size=4096 bytes)
2025-07-14 23:39:14 0 [Note] InnoDB: End of log at LSN=37792
2025-07-14 23:39:14 0 [Note] InnoDB: Opened 3 undo tablespaces
2025-07-14 23:39:14 0 [Note] InnoDB: 128 rollback segments in 3 undo tablespaces are active.
2025-07-14 23:39:14 0 [Note] InnoDB: Setting file './ibtmp1' size to 12.000MiB. Physically writing the file full; Please wait ...
2025-07-14 23:39:14 0 [Note] InnoDB: File './ibtmp1' size is now 12.000MiB.
2025-07-14 23:39:14 0 [Note] InnoDB: log sequence number 37792; transaction id 4
2025-07-14 23:39:14 0 [Note] InnoDB: Loading buffer pool(s) from C:\Users\Kamshory\OneDrive\Desktop\Server\data\ib_buffer_pool
2025-07-14 23:39:14 0 [Note] Plugin 'FEEDBACK' is disabled.
2025-07-14 23:39:14 0 [Note] InnoDB: Buffer pool(s) load completed at 250714 23:39:14
2025-07-14 23:39:14 0 [Note] mysqld.exe: SSPI: using principal name 'localhost', mech 'Negotiate'
2025-07-14 23:39:14 0 [ERROR] Could not open mysql.plugin table: "Table 'mysql.plugin' doesn't exist". Some plugins may be not loaded
2025-07-14 23:39:14 0 [ERROR] Can't open and lock privilege tables: Table 'mysql.servers' doesn't exist
2025-07-14 23:39:17 0 [Note] Server socket created on IP: '::'.
2025-07-14 23:39:17 0 [Note] Server socket created on IP: '0.0.0.0'.
2025-07-14 23:39:17 0 [ERROR] Fatal error: Can't open and lock privilege tables: Table 'mysql.db' doesn't exist
2025-07-14 23:39:17 0 [ERROR] Aborting
2025-07-14 23:41:06 0 [Note] Starting MariaDB 11.8.2-MariaDB source revision 8d36cafe4fc700e6e577d5a36650c58707e76b92 server_uid qxm/hGf4nmk6IHPqlcuJ4qiRXfE= as process 15776
2025-07-14 23:41:06 0 [Note] InnoDB: Compressed tables use zlib 1.3.1
2025-07-14 23:41:06 0 [Note] InnoDB: Number of transaction pools: 1
2025-07-14 23:41:06 0 [Note] InnoDB: Using crc32 + pclmulqdq instructions
2025-07-14 23:41:06 0 [Note] InnoDB: innodb_buffer_pool_size_max=128m, innodb_buffer_pool_size=128m
2025-07-14 23:41:06 0 [Note] InnoDB: Completed initialization of buffer pool
2025-07-14 23:41:06 0 [Note] InnoDB: File system buffers for log disabled (block size=4096 bytes)
2025-07-14 23:41:06 0 [Note] InnoDB: End of log at LSN=37792
2025-07-14 23:41:06 0 [Note] InnoDB: Opened 3 undo tablespaces
2025-07-14 23:41:06 0 [Note] InnoDB: 128 rollback segments in 3 undo tablespaces are active.
2025-07-14 23:41:06 0 [Note] InnoDB: Setting file './ibtmp1' size to 12.000MiB. Physically writing the file full; Please wait ...
2025-07-14 23:41:06 0 [Note] InnoDB: File './ibtmp1' size is now 12.000MiB.
2025-07-14 23:41:06 0 [Note] InnoDB: log sequence number 37792; transaction id 4
2025-07-14 23:41:06 0 [Note] InnoDB: Loading buffer pool(s) from C:\Users\Kamshory\OneDrive\Desktop\Server\data\ib_buffer_pool
2025-07-14 23:41:06 0 [Note] Plugin 'FEEDBACK' is disabled.
2025-07-14 23:41:06 0 [Note] mysqld.exe: SSPI: using principal name 'localhost', mech 'Negotiate'
2025-07-14 23:41:06 0 [Note] InnoDB: Buffer pool(s) load completed at 250714 23:41:06
2025-07-14 23:41:06 0 [ERROR] Could not open mysql.plugin table: "Table 'mysql.plugin' doesn't exist". Some plugins may be not loaded
2025-07-14 23:41:06 0 [ERROR] Can't open and lock privilege tables: Table 'mysql.servers' doesn't exist
2025-07-14 23:41:07 0 [Note] Server socket created on IP: '::'.
2025-07-14 23:41:07 0 [Note] Server socket created on IP: '0.0.0.0'.
2025-07-14 23:41:07 0 [ERROR] Fatal error: Can't open and lock privilege tables: Table 'mysql.db' doesn't exist
2025-07-14 23:41:07 0 [ERROR] Aborting
2025-07-14 23:42:48 0 [Note] Starting MariaDB 11.8.2-MariaDB source revision 8d36cafe4fc700e6e577d5a36650c58707e76b92 server_uid qxm/hGf4nmk6IHPqlcuJ4qiRXfE= as process 18264
2025-07-14 23:42:48 0 [Note] InnoDB: Compressed tables use zlib 1.3.1
2025-07-14 23:42:48 0 [Note] InnoDB: Number of transaction pools: 1
2025-07-14 23:42:48 0 [Note] InnoDB: Using crc32 + pclmulqdq instructions
2025-07-14 23:42:48 0 [Note] InnoDB: innodb_buffer_pool_size_max=128m, innodb_buffer_pool_size=128m
2025-07-14 23:42:48 0 [Note] InnoDB: Completed initialization of buffer pool
2025-07-14 23:42:48 0 [Note] InnoDB: File system buffers for log disabled (block size=4096 bytes)
2025-07-14 23:42:48 0 [Note] InnoDB: End of log at LSN=37792
2025-07-14 23:42:48 0 [Note] InnoDB: Opened 3 undo tablespaces
2025-07-14 23:42:48 0 [Note] InnoDB: 128 rollback segments in 3 undo tablespaces are active.
2025-07-14 23:42:48 0 [Note] InnoDB: Setting file './ibtmp1' size to 12.000MiB. Physically writing the file full; Please wait ...
2025-07-14 23:42:48 0 [Note] InnoDB: File './ibtmp1' size is now 12.000MiB.
2025-07-14 23:42:48 0 [Note] InnoDB: log sequence number 37792; transaction id 4
2025-07-14 23:42:48 0 [Note] Plugin 'FEEDBACK' is disabled.
2025-07-14 23:42:48 0 [Note] InnoDB: Loading buffer pool(s) from C:\Users\Kamshory\OneDrive\Desktop\Server\data\ib_buffer_pool
2025-07-14 23:42:48 0 [Note] mysqld.exe: SSPI: using principal name 'localhost', mech 'Negotiate'
2025-07-14 23:42:48 0 [Note] InnoDB: Buffer pool(s) load completed at 250714 23:42:48
2025-07-14 23:42:48 0 [ERROR] Could not open mysql.plugin table: "Table 'mysql.plugin' doesn't exist". Some plugins may be not loaded
2025-07-14 23:42:48 0 [ERROR] Can't open and lock privilege tables: Table 'mysql.servers' doesn't exist
2025-07-14 23:42:49 0 [Note] Server socket created on IP: '::'.
2025-07-14 23:42:49 0 [Note] Server socket created on IP: '0.0.0.0'.
2025-07-14 23:42:49 0 [ERROR] Fatal error: Can't open and lock privilege tables: Table 'mysql.db' doesn't exist
2025-07-14 23:42:49 0 [ERROR] Aborting
2025-07-14 23:43:59 0 [Note] Starting MariaDB 11.8.2-MariaDB source revision 8d36cafe4fc700e6e577d5a36650c58707e76b92 server_uid qxm/hGf4nmk6IHPqlcuJ4qiRXfE= as process 5032
2025-07-14 23:43:59 0 [Note] InnoDB: Compressed tables use zlib 1.3.1
2025-07-14 23:43:59 0 [Note] InnoDB: Number of transaction pools: 1
2025-07-14 23:43:59 0 [Note] InnoDB: Using crc32 + pclmulqdq instructions
2025-07-14 23:43:59 0 [Note] InnoDB: innodb_buffer_pool_size_max=128m, innodb_buffer_pool_size=128m
2025-07-14 23:43:59 0 [Note] InnoDB: Completed initialization of buffer pool
2025-07-14 23:43:59 0 [Note] InnoDB: File system buffers for log disabled (block size=4096 bytes)
2025-07-14 23:43:59 0 [Note] InnoDB: End of log at LSN=37792
2025-07-14 23:43:59 0 [Note] InnoDB: Opened 3 undo tablespaces
2025-07-14 23:43:59 0 [Note] InnoDB: 128 rollback segments in 3 undo tablespaces are active.
2025-07-14 23:43:59 0 [Note] InnoDB: Setting file './ibtmp1' size to 12.000MiB. Physically writing the file full; Please wait ...
2025-07-14 23:43:59 0 [Note] InnoDB: File './ibtmp1' size is now 12.000MiB.
2025-07-14 23:43:59 0 [Note] InnoDB: log sequence number 37792; transaction id 4
2025-07-14 23:43:59 0 [Note] Plugin 'FEEDBACK' is disabled.
2025-07-14 23:43:59 0 [Note] InnoDB: Loading buffer pool(s) from C:\Users\Kamshory\OneDrive\Desktop\Server\data\ib_buffer_pool
2025-07-14 23:43:59 0 [Note] mysqld.exe: SSPI: using principal name 'localhost', mech 'Negotiate'
2025-07-14 23:43:59 0 [Note] InnoDB: Buffer pool(s) load completed at 250714 23:43:59
2025-07-14 23:43:59 0 [ERROR] Could not open mysql.plugin table: "Table 'mysql.plugin' doesn't exist". Some plugins may be not loaded
2025-07-14 23:43:59 0 [ERROR] Can't open and lock privilege tables: Table 'mysql.servers' doesn't exist
2025-07-14 23:44:01 0 [Note] Server socket created on IP: '::'.
2025-07-14 23:44:01 0 [Note] Server socket created on IP: '0.0.0.0'.
2025-07-14 23:44:01 0 [ERROR] Fatal error: Can't open and lock privilege tables: Table 'mysql.db' doesn't exist
2025-07-14 23:44:01 0 [ERROR] Aborting
2025-07-14 23:44:34 0 [Note] Starting MariaDB 11.8.2-MariaDB source revision 8d36cafe4fc700e6e577d5a36650c58707e76b92 server_uid qxm/hGf4nmk6IHPqlcuJ4qiRXfE= as process 6360
2025-07-14 23:44:34 0 [Note] InnoDB: Compressed tables use zlib 1.3.1
2025-07-14 23:44:34 0 [Note] InnoDB: Number of transaction pools: 1
2025-07-14 23:44:34 0 [Note] InnoDB: Using crc32 + pclmulqdq instructions
2025-07-14 23:44:34 0 [Note] InnoDB: innodb_buffer_pool_size_max=128m, innodb_buffer_pool_size=128m
2025-07-14 23:44:34 0 [Note] InnoDB: Completed initialization of buffer pool
2025-07-14 23:44:34 0 [Note] InnoDB: File system buffers for log disabled (block size=4096 bytes)
2025-07-14 23:44:34 0 [Note] InnoDB: End of log at LSN=37792
2025-07-14 23:44:34 0 [Note] InnoDB: Opened 3 undo tablespaces
2025-07-14 23:44:34 0 [Note] InnoDB: 128 rollback segments in 3 undo tablespaces are active.
2025-07-14 23:44:34 0 [Note] InnoDB: Setting file './ibtmp1' size to 12.000MiB. Physically writing the file full; Please wait ...
2025-07-14 23:44:34 0 [Note] InnoDB: File './ibtmp1' size is now 12.000MiB.
2025-07-14 23:44:34 0 [Note] InnoDB: log sequence number 37792; transaction id 4
2025-07-14 23:44:34 0 [Note] InnoDB: Loading buffer pool(s) from C:\Users\Kamshory\OneDrive\Desktop\Server\data\ib_buffer_pool
2025-07-14 23:44:34 0 [Note] Plugin 'FEEDBACK' is disabled.
2025-07-14 23:44:34 0 [Note] mysqld.exe: SSPI: using principal name 'localhost', mech 'Negotiate'
2025-07-14 23:44:34 0 [Note] InnoDB: Buffer pool(s) load completed at 250714 23:44:34
2025-07-14 23:44:34 0 [ERROR] Could not open mysql.plugin table: "Table 'mysql.plugin' doesn't exist". Some plugins may be not loaded
2025-07-14 23:44:34 0 [ERROR] Can't open and lock privilege tables: Table 'mysql.servers' doesn't exist
2025-07-14 23:44:35 0 [Note] Server socket created on IP: '::'.
2025-07-14 23:44:35 0 [Note] Server socket created on IP: '0.0.0.0'.
2025-07-14 23:44:35 0 [ERROR] Fatal error: Can't open and lock privilege tables: Table 'mysql.db' doesn't exist
2025-07-14 23:44:35 0 [ERROR] Aborting
2025-07-14 23:46:05 0 [Note] Starting MariaDB 11.8.2-MariaDB source revision 8d36cafe4fc700e6e577d5a36650c58707e76b92 server_uid qxm/hGf4nmk6IHPqlcuJ4qiRXfE= as process 15776
2025-07-14 23:46:05 0 [Note] InnoDB: Compressed tables use zlib 1.3.1
2025-07-14 23:46:05 0 [Note] InnoDB: Number of transaction pools: 1
2025-07-14 23:46:05 0 [Note] InnoDB: Using crc32 + pclmulqdq instructions
2025-07-14 23:46:05 0 [Note] InnoDB: innodb_buffer_pool_size_max=128m, innodb_buffer_pool_size=128m
2025-07-14 23:46:05 0 [Note] InnoDB: Completed initialization of buffer pool
2025-07-14 23:46:05 0 [Note] InnoDB: File system buffers for log disabled (block size=4096 bytes)
2025-07-14 23:46:05 0 [Note] InnoDB: End of log at LSN=37792
2025-07-14 23:46:05 0 [Note] InnoDB: Opened 3 undo tablespaces
2025-07-14 23:46:05 0 [Note] InnoDB: 128 rollback segments in 3 undo tablespaces are active.
2025-07-14 23:46:05 0 [Note] InnoDB: Setting file './ibtmp1' size to 12.000MiB. Physically writing the file full; Please wait ...
2025-07-14 23:46:05 0 [Note] InnoDB: File './ibtmp1' size is now 12.000MiB.
2025-07-14 23:46:05 0 [Note] InnoDB: log sequence number 37792; transaction id 4
2025-07-14 23:46:05 0 [Note] Plugin 'FEEDBACK' is disabled.
2025-07-14 23:46:05 0 [Note] InnoDB: Loading buffer pool(s) from C:\Users\Kamshory\OneDrive\Desktop\Server\data\ib_buffer_pool
2025-07-14 23:46:05 0 [Note] InnoDB: Buffer pool(s) load completed at 250714 23:46:05
2025-07-14 23:46:05 0 [Note] mysqld.exe: SSPI: using principal name 'localhost', mech 'Negotiate'
2025-07-14 23:46:05 0 [ERROR] Could not open mysql.plugin table: "Table 'mysql.plugin' doesn't exist". Some plugins may be not loaded
2025-07-14 23:46:05 0 [ERROR] Can't open and lock privilege tables: Table 'mysql.servers' doesn't exist
2025-07-14 23:46:06 0 [Note] Server socket created on IP: '::'.
2025-07-14 23:46:06 0 [Note] Server socket created on IP: '0.0.0.0'.
2025-07-14 23:46:06 0 [ERROR] Fatal error: Can't open and lock privilege tables: Table 'mysql.db' doesn't exist
2025-07-14 23:46:06 0 [ERROR] Aborting
2025-07-14 23:46:54 0 [Note] Starting MariaDB 11.8.2-MariaDB source revision 8d36cafe4fc700e6e577d5a36650c58707e76b92 server_uid qxm/hGf4nmk6IHPqlcuJ4qiRXfE= as process 10784
2025-07-14 23:46:54 0 [Note] InnoDB: Compressed tables use zlib 1.3.1
2025-07-14 23:46:54 0 [Note] InnoDB: Number of transaction pools: 1
2025-07-14 23:46:54 0 [Note] InnoDB: Using crc32 + pclmulqdq instructions
2025-07-14 23:46:54 0 [Note] InnoDB: innodb_buffer_pool_size_max=128m, innodb_buffer_pool_size=128m
2025-07-14 23:46:54 0 [Note] InnoDB: Completed initialization of buffer pool
2025-07-14 23:46:54 0 [Note] InnoDB: File system buffers for log disabled (block size=4096 bytes)
2025-07-14 23:46:54 0 [Note] InnoDB: End of log at LSN=37792
2025-07-14 23:46:54 0 [Note] InnoDB: Opened 3 undo tablespaces
2025-07-14 23:46:54 0 [Note] InnoDB: 128 rollback segments in 3 undo tablespaces are active.
2025-07-14 23:46:54 0 [Note] InnoDB: Setting file './ibtmp1' size to 12.000MiB. Physically writing the file full; Please wait ...
2025-07-14 23:46:54 0 [Note] InnoDB: File './ibtmp1' size is now 12.000MiB.
2025-07-14 23:46:54 0 [Note] InnoDB: log sequence number 37792; transaction id 4
2025-07-14 23:46:54 0 [Note] Plugin 'FEEDBACK' is disabled.
2025-07-14 23:46:54 0 [Note] InnoDB: Loading buffer pool(s) from C:\Users\Kamshory\OneDrive\Desktop\Server\data\ib_buffer_pool
2025-07-14 23:46:54 0 [Note] mysqld.exe: SSPI: using principal name 'localhost', mech 'Negotiate'
2025-07-14 23:46:54 0 [Note] InnoDB: Buffer pool(s) load completed at 250714 23:46:54
2025-07-14 23:46:54 0 [ERROR] Could not open mysql.plugin table: "Table 'mysql.plugin' doesn't exist". Some plugins may be not loaded
2025-07-14 23:46:54 0 [ERROR] Can't open and lock privilege tables: Table 'mysql.servers' doesn't exist
2025-07-14 23:46:55 0 [Note] Server socket created on IP: '::'.
2025-07-14 23:46:55 0 [Note] Server socket created on IP: '0.0.0.0'.
2025-07-14 23:46:55 0 [ERROR] Fatal error: Can't open and lock privilege tables: Table 'mysql.db' doesn't exist
2025-07-14 23:46:55 0 [ERROR] Aborting
2025-07-14 23:47:34 0 [Note] Starting MariaDB 11.8.2-MariaDB source revision 8d36cafe4fc700e6e577d5a36650c58707e76b92 server_uid qxm/hGf4nmk6IHPqlcuJ4qiRXfE= as process 11968
2025-07-14 23:47:34 0 [Note] InnoDB: Compressed tables use zlib 1.3.1
2025-07-14 23:47:34 0 [Note] InnoDB: Number of transaction pools: 1
2025-07-14 23:47:34 0 [Note] InnoDB: Using crc32 + pclmulqdq instructions
2025-07-14 23:47:34 0 [Note] InnoDB: innodb_buffer_pool_size_max=128m, innodb_buffer_pool_size=128m
2025-07-14 23:47:34 0 [Note] InnoDB: Completed initialization of buffer pool
2025-07-14 23:47:34 0 [Note] InnoDB: File system buffers for log disabled (block size=4096 bytes)
2025-07-14 23:47:34 0 [Note] InnoDB: End of log at LSN=37792
2025-07-14 23:47:35 0 [Note] InnoDB: Opened 3 undo tablespaces
2025-07-14 23:47:35 0 [Note] InnoDB: 128 rollback segments in 3 undo tablespaces are active.
2025-07-14 23:47:35 0 [Note] InnoDB: Setting file './ibtmp1' size to 12.000MiB. Physically writing the file full; Please wait ...
2025-07-14 23:47:35 0 [Note] InnoDB: File './ibtmp1' size is now 12.000MiB.
2025-07-14 23:47:35 0 [Note] InnoDB: log sequence number 37792; transaction id 4
2025-07-14 23:47:35 0 [Note] Plugin 'FEEDBACK' is disabled.
2025-07-14 23:47:35 0 [Note] InnoDB: Loading buffer pool(s) from C:\Users\Kamshory\OneDrive\Desktop\Server\data\ib_buffer_pool
2025-07-14 23:47:35 0 [Note] mysqld.exe: SSPI: using principal name 'localhost', mech 'Negotiate'
2025-07-14 23:47:35 0 [Note] InnoDB: Buffer pool(s) load completed at 250714 23:47:35
2025-07-14 23:47:35 0 [ERROR] Could not open mysql.plugin table: "Table 'mysql.plugin' doesn't exist". Some plugins may be not loaded
2025-07-14 23:47:35 0 [ERROR] Can't open and lock privilege tables: Table 'mysql.servers' doesn't exist
2025-07-14 23:47:35 0 [Note] Server socket created on IP: '::'.
2025-07-14 23:47:35 0 [Note] Server socket created on IP: '0.0.0.0'.
2025-07-14 23:47:35 0 [ERROR] Fatal error: Can't open and lock privilege tables: Table 'mysql.db' doesn't exist
2025-07-14 23:47:35 0 [ERROR] Aborting
2025-07-15  5:41:40 0 [Note] Starting MariaDB 11.8.2-MariaDB source revision 8d36cafe4fc700e6e577d5a36650c58707e76b92 server_uid qxm/hGf4nmk6IHPqlcuJ4qiRXfE= as process 8564
2025-07-15  5:41:40 0 [Note] InnoDB: Compressed tables use zlib 1.3.1
2025-07-15  5:41:40 0 [Note] InnoDB: Number of transaction pools: 1
2025-07-15  5:41:40 0 [Note] InnoDB: Using crc32 + pclmulqdq instructions
2025-07-15  5:41:40 0 [Note] InnoDB: innodb_buffer_pool_size_max=128m, innodb_buffer_pool_size=128m
2025-07-15  5:41:40 0 [Note] InnoDB: Completed initialization of buffer pool
2025-07-15  5:41:40 0 [Note] InnoDB: File system buffers for log disabled (block size=4096 bytes)
2025-07-15  5:41:40 0 [Note] InnoDB: End of log at LSN=37792
2025-07-15  5:41:40 0 [Note] InnoDB: Opened 3 undo tablespaces
2025-07-15  5:41:40 0 [Note] InnoDB: 128 rollback segments in 3 undo tablespaces are active.
2025-07-15  5:41:40 0 [Note] InnoDB: Setting file './ibtmp1' size to 12.000MiB. Physically writing the file full; Please wait ...
2025-07-15  5:41:40 0 [Note] InnoDB: File './ibtmp1' size is now 12.000MiB.
2025-07-15  5:41:40 0 [Note] InnoDB: log sequence number 37792; transaction id 4
2025-07-15  5:41:40 0 [Note] InnoDB: Loading buffer pool(s) from C:\Users\Kamshory\OneDrive\Desktop\Server\data\ib_buffer_pool
2025-07-15  5:41:40 0 [Note] Plugin 'FEEDBACK' is disabled.
2025-07-15  5:41:40 0 [Note] InnoDB: Buffer pool(s) load completed at 250715  5:41:40
2025-07-15  5:41:40 0 [Note] mysqld.exe: SSPI: using principal name 'localhost', mech 'Negotiate'
2025-07-15  5:41:40 0 [ERROR] Could not open mysql.plugin table: "Table 'mysql.plugin' doesn't exist". Some plugins may be not loaded
2025-07-15  5:41:40 0 [ERROR] Can't open and lock privilege tables: Table 'mysql.servers' doesn't exist
2025-07-15  5:41:41 0 [Note] Server socket created on IP: '::'.
2025-07-15  5:41:41 0 [Note] Server socket created on IP: '0.0.0.0'.
2025-07-15  5:41:41 0 [ERROR] Fatal error: Can't open and lock privilege tables: Table 'mysql.db' doesn't exist
2025-07-15  5:41:41 0 [ERROR] Aborting
2025-07-15  5:44:57 0 [Note] Starting MariaDB 11.8.2-MariaDB source revision 8d36cafe4fc700e6e577d5a36650c58707e76b92 server_uid zkqdTLr/hlgSR3JvOvNx9cawhEg= as process 20820
2025-07-15  5:44:57 0 [Note] InnoDB: Compressed tables use zlib 1.3.1
2025-07-15  5:44:57 0 [Note] InnoDB: Number of transaction pools: 1
2025-07-15  5:44:57 0 [Note] InnoDB: Using crc32 + pclmulqdq instructions
2025-07-15  5:44:57 0 [Note] InnoDB: innodb_buffer_pool_size_max=128m, innodb_buffer_pool_size=128m
2025-07-15  5:44:57 0 [Note] InnoDB: Completed initialization of buffer pool
2025-07-15  5:44:57 0 [Note] InnoDB: File system buffers for log disabled (block size=4096 bytes)
2025-07-15  5:44:57 0 [Note] InnoDB: End of log at LSN=37792
2025-07-15  5:44:57 0 [Note] InnoDB: Opened 3 undo tablespaces
2025-07-15  5:44:57 0 [Note] InnoDB: 128 rollback segments in 3 undo tablespaces are active.
2025-07-15  5:44:57 0 [Note] InnoDB: Setting file './ibtmp1' size to 12.000MiB. Physically writing the file full; Please wait ...
2025-07-15  5:44:57 0 [Note] InnoDB: File './ibtmp1' size is now 12.000MiB.
2025-07-15  5:44:57 0 [Note] InnoDB: log sequence number 37792; transaction id 4
2025-07-15  5:44:57 0 [Note] Plugin 'FEEDBACK' is disabled.
2025-07-15  5:44:57 0 [Note] InnoDB: Loading buffer pool(s) from C:\Users\Kamshory\OneDrive\Desktop\Server\data\ib_buffer_pool
2025-07-15  5:44:57 0 [Note] mysqld.exe: SSPI: using principal name 'localhost', mech 'Negotiate'
2025-07-15  5:44:57 0 [Note] InnoDB: Buffer pool(s) load completed at 250715  5:44:57
2025-07-15  5:44:57 0 [ERROR] Could not open mysql.plugin table: "Table 'mysql.plugin' doesn't exist". Some plugins may be not loaded
2025-07-15  5:44:57 0 [ERROR] Can't open and lock privilege tables: Table 'mysql.servers' doesn't exist
2025-07-15  5:44:59 0 [Note] Server socket created on IP: '::'.
2025-07-15  5:44:59 0 [Note] Server socket created on IP: '0.0.0.0'.
2025-07-15  5:44:59 0 [ERROR] Fatal error: Can't open and lock privilege tables: Table 'mysql.db' doesn't exist
2025-07-15  5:44:59 0 [ERROR] Aborting
2025-07-15  5:47:36 0 [Note] Starting MariaDB 11.8.2-MariaDB source revision 8d36cafe4fc700e6e577d5a36650c58707e76b92 server_uid zkqdTLr/hlgSR3JvOvNx9cawhEg= as process 12868
2025-07-15  5:47:36 0 [Note] InnoDB: Compressed tables use zlib 1.3.1
2025-07-15  5:47:36 0 [Note] InnoDB: Number of transaction pools: 1
2025-07-15  5:47:36 0 [Note] InnoDB: Using crc32 + pclmulqdq instructions
2025-07-15  5:47:36 0 [Note] InnoDB: innodb_buffer_pool_size_max=128m, innodb_buffer_pool_size=128m
2025-07-15  5:47:36 0 [Note] InnoDB: Completed initialization of buffer pool
2025-07-15  5:47:36 0 [Note] InnoDB: File system buffers for log disabled (block size=4096 bytes)
2025-07-15  5:47:36 0 [Note] InnoDB: End of log at LSN=37792
2025-07-15  5:47:36 0 [Note] InnoDB: Opened 3 undo tablespaces
2025-07-15  5:47:36 0 [Note] InnoDB: 128 rollback segments in 3 undo tablespaces are active.
2025-07-15  5:47:36 0 [Note] InnoDB: Setting file './ibtmp1' size to 12.000MiB. Physically writing the file full; Please wait ...
2025-07-15  5:47:36 0 [Note] InnoDB: File './ibtmp1' size is now 12.000MiB.
2025-07-15  5:47:36 0 [Note] InnoDB: log sequence number 37792; transaction id 4
2025-07-15  5:47:36 0 [Note] Plugin 'FEEDBACK' is disabled.
2025-07-15  5:47:36 0 [Note] InnoDB: Loading buffer pool(s) from C:\Users\Kamshory\OneDrive\Desktop\Server\data\ib_buffer_pool
2025-07-15  5:47:36 0 [Note] mysqld.exe: SSPI: using principal name 'localhost', mech 'Negotiate'
2025-07-15  5:47:36 0 [Note] InnoDB: Buffer pool(s) load completed at 250715  5:47:36
2025-07-15  5:47:36 0 [ERROR] Could not open mysql.plugin table: "Table 'mysql.plugin' doesn't exist". Some plugins may be not loaded
2025-07-15  5:47:36 0 [ERROR] Can't open and lock privilege tables: Table 'mysql.servers' doesn't exist
2025-07-15  5:47:38 0 [Note] Server socket created on IP: '::'.
2025-07-15  5:47:38 0 [Note] Server socket created on IP: '0.0.0.0'.
2025-07-15  5:47:38 0 [ERROR] Fatal error: Can't open and lock privilege tables: Table 'mysql.db' doesn't exist
2025-07-15  5:47:38 0 [ERROR] Aborting
2025-07-15  5:51:05 0 [Note] Starting MariaDB 11.8.2-MariaDB source revision 8d36cafe4fc700e6e577d5a36650c58707e76b92 server_uid zkqdTLr/hlgSR3JvOvNx9cawhEg= as process 19632
2025-07-15  5:51:05 0 [Note] InnoDB: Compressed tables use zlib 1.3.1
2025-07-15  5:51:05 0 [Note] InnoDB: Number of transaction pools: 1
2025-07-15  5:51:05 0 [Note] InnoDB: Using crc32 + pclmulqdq instructions
2025-07-15  5:51:05 0 [Note] InnoDB: innodb_buffer_pool_size_max=128m, innodb_buffer_pool_size=128m
2025-07-15  5:51:05 0 [Note] InnoDB: Completed initialization of buffer pool
2025-07-15  5:51:05 0 [Note] InnoDB: File system buffers for log disabled (block size=4096 bytes)
2025-07-15  5:51:05 0 [Note] InnoDB: End of log at LSN=37792
2025-07-15  5:51:05 0 [Note] InnoDB: Opened 3 undo tablespaces
2025-07-15  5:51:05 0 [Note] InnoDB: 128 rollback segments in 3 undo tablespaces are active.
2025-07-15  5:51:05 0 [Note] InnoDB: Setting file './ibtmp1' size to 12.000MiB. Physically writing the file full; Please wait ...
2025-07-15  5:51:05 0 [Note] InnoDB: File './ibtmp1' size is now 12.000MiB.
2025-07-15  5:51:05 0 [Note] InnoDB: log sequence number 37792; transaction id 4
2025-07-15  5:51:05 0 [Note] Plugin 'FEEDBACK' is disabled.
2025-07-15  5:51:05 0 [Note] mysqld.exe: SSPI: using principal name 'localhost', mech 'Negotiate'
2025-07-15  5:51:05 0 [ERROR] Could not open mysql.plugin table: "Table 'mysql.plugin' doesn't exist". Some plugins may be not loaded
2025-07-15  5:51:05 0 [Note] InnoDB: Loading buffer pool(s) from C:\Users\Kamshory\OneDrive\Desktop\Server\data\ib_buffer_pool
2025-07-15  5:51:05 0 [Note] InnoDB: Buffer pool(s) load completed at 250715  5:51:05
2025-07-15  5:51:05 0 [ERROR] Can't open and lock privilege tables: Table 'mysql.servers' doesn't exist
2025-07-15  5:51:06 0 [Note] Server socket created on IP: '::'.
2025-07-15  5:51:06 0 [Note] Server socket created on IP: '0.0.0.0'.
2025-07-15  5:51:06 0 [ERROR] Fatal error: Can't open and lock privilege tables: Table 'mysql.db' doesn't exist
2025-07-15  5:51:06 0 [ERROR] Aborting
2025-07-15  5:54:46 0 [Note] Starting MariaDB 11.8.2-MariaDB source revision 8d36cafe4fc700e6e577d5a36650c58707e76b92 server_uid zkqdTLr/hlgSR3JvOvNx9cawhEg= as process 22520
2025-07-15  5:54:46 0 [Note] InnoDB: Compressed tables use zlib 1.3.1
2025-07-15  5:54:46 0 [Note] InnoDB: Number of transaction pools: 1
2025-07-15  5:54:46 0 [Note] InnoDB: Using crc32 + pclmulqdq instructions
2025-07-15  5:54:46 0 [Note] InnoDB: innodb_buffer_pool_size_max=128m, innodb_buffer_pool_size=128m
2025-07-15  5:54:46 0 [Note] InnoDB: Completed initialization of buffer pool
2025-07-15  5:54:46 0 [Note] InnoDB: File system buffers for log disabled (block size=4096 bytes)
2025-07-15  5:54:46 0 [Note] InnoDB: End of log at LSN=37792
2025-07-15  5:54:46 0 [Note] InnoDB: Opened 3 undo tablespaces
2025-07-15  5:54:46 0 [Note] InnoDB: 128 rollback segments in 3 undo tablespaces are active.
2025-07-15  5:54:46 0 [Note] InnoDB: Setting file './ibtmp1' size to 12.000MiB. Physically writing the file full; Please wait ...
2025-07-15  5:54:46 0 [Note] InnoDB: File './ibtmp1' size is now 12.000MiB.
2025-07-15  5:54:46 0 [Note] InnoDB: log sequence number 37792; transaction id 4
2025-07-15  5:54:46 0 [Note] Plugin 'FEEDBACK' is disabled.
2025-07-15  5:54:46 0 [Note] InnoDB: Loading buffer pool(s) from C:\Users\Kamshory\OneDrive\Desktop\Server\data\ib_buffer_pool
2025-07-15  5:54:46 0 [Note] mysqld.exe: SSPI: using principal name 'localhost', mech 'Negotiate'
2025-07-15  5:54:46 0 [Note] InnoDB: Buffer pool(s) load completed at 250715  5:54:46
2025-07-15  5:54:46 0 [ERROR] Could not open mysql.plugin table: "Table 'mysql.plugin' doesn't exist". Some plugins may be not loaded
2025-07-15  5:54:46 0 [ERROR] Can't open and lock privilege tables: Table 'mysql.servers' doesn't exist
2025-07-15  5:54:47 0 [Note] Server socket created on IP: '::'.
2025-07-15  5:54:47 0 [Note] Server socket created on IP: '0.0.0.0'.
2025-07-15  5:54:47 0 [ERROR] Fatal error: Can't open and lock privilege tables: Table 'mysql.db' doesn't exist
2025-07-15  5:54:47 0 [ERROR] Aborting
2025-07-15  5:57:17 0 [Note] Starting MariaDB 11.8.2-MariaDB source revision 8d36cafe4fc700e6e577d5a36650c58707e76b92 server_uid zkqdTLr/hlgSR3JvOvNx9cawhEg= as process 17244
2025-07-15  5:57:17 0 [Note] InnoDB: Compressed tables use zlib 1.3.1
2025-07-15  5:57:17 0 [Note] InnoDB: Number of transaction pools: 1
2025-07-15  5:57:17 0 [Note] InnoDB: Using crc32 + pclmulqdq instructions
2025-07-15  5:57:17 0 [Note] InnoDB: innodb_buffer_pool_size_max=128m, innodb_buffer_pool_size=128m
2025-07-15  5:57:17 0 [Note] InnoDB: Completed initialization of buffer pool
2025-07-15  5:57:17 0 [Note] InnoDB: File system buffers for log disabled (block size=4096 bytes)
2025-07-15  5:57:17 0 [Note] InnoDB: End of log at LSN=37792
2025-07-15  5:57:17 0 [Note] InnoDB: Opened 3 undo tablespaces
2025-07-15  5:57:17 0 [Note] InnoDB: 128 rollback segments in 3 undo tablespaces are active.
2025-07-15  5:57:17 0 [Note] InnoDB: Setting file './ibtmp1' size to 12.000MiB. Physically writing the file full; Please wait ...
2025-07-15  5:57:17 0 [Note] InnoDB: File './ibtmp1' size is now 12.000MiB.
2025-07-15  5:57:17 0 [Note] InnoDB: log sequence number 37792; transaction id 4
2025-07-15  5:57:17 0 [Note] Plugin 'FEEDBACK' is disabled.
2025-07-15  5:57:17 0 [Note] mysqld.exe: SSPI: using principal name 'localhost', mech 'Negotiate'
2025-07-15  5:57:17 0 [ERROR] Could not open mysql.plugin table: "Table 'mysql.plugin' doesn't exist". Some plugins may be not loaded
2025-07-15  5:57:17 0 [Note] InnoDB: Loading buffer pool(s) from C:\Users\Kamshory\OneDrive\Desktop\Server\data\ib_buffer_pool
2025-07-15  5:57:17 0 [ERROR] Can't open and lock privilege tables: Table 'mysql.servers' doesn't exist
2025-07-15  5:57:17 0 [Note] InnoDB: Buffer pool(s) load completed at 250715  5:57:17
2025-07-15  5:57:18 0 [Note] Server socket created on IP: '::'.
2025-07-15  5:57:18 0 [Note] Server socket created on IP: '0.0.0.0'.
2025-07-15  5:57:18 0 [ERROR] Fatal error: Can't open and lock privilege tables: Table 'mysql.db' doesn't exist
2025-07-15  5:57:18 0 [ERROR] Aborting
2025-07-15  5:58:00 0 [Note] Starting MariaDB 11.8.2-MariaDB source revision 8d36cafe4fc700e6e577d5a36650c58707e76b92 server_uid zkqdTLr/hlgSR3JvOvNx9cawhEg= as process 16804
2025-07-15  5:58:00 0 [Note] InnoDB: Compressed tables use zlib 1.3.1
2025-07-15  5:58:00 0 [Note] InnoDB: Number of transaction pools: 1
2025-07-15  5:58:00 0 [Note] InnoDB: Using crc32 + pclmulqdq instructions
2025-07-15  5:58:00 0 [Note] InnoDB: innodb_buffer_pool_size_max=128m, innodb_buffer_pool_size=128m
2025-07-15  5:58:00 0 [Note] InnoDB: Completed initialization of buffer pool
2025-07-15  5:58:00 0 [Note] InnoDB: File system buffers for log disabled (block size=4096 bytes)
2025-07-15  5:58:00 0 [Note] InnoDB: End of log at LSN=37792
2025-07-15  5:58:00 0 [Note] InnoDB: Opened 3 undo tablespaces
2025-07-15  5:58:00 0 [Note] InnoDB: 128 rollback segments in 3 undo tablespaces are active.
2025-07-15  5:58:00 0 [Note] InnoDB: Setting file './ibtmp1' size to 12.000MiB. Physically writing the file full; Please wait ...
2025-07-15  5:58:00 0 [Note] InnoDB: File './ibtmp1' size is now 12.000MiB.
2025-07-15  5:58:00 0 [Note] InnoDB: log sequence number 37792; transaction id 4
2025-07-15  5:58:00 0 [Note] Plugin 'FEEDBACK' is disabled.
2025-07-15  5:58:00 0 [Note] InnoDB: Loading buffer pool(s) from C:\Users\Kamshory\OneDrive\Desktop\Server\data\ib_buffer_pool
2025-07-15  5:58:00 0 [Note] InnoDB: Buffer pool(s) load completed at 250715  5:58:00
2025-07-15  5:58:00 0 [Note] mysqld.exe: SSPI: using principal name 'localhost', mech 'Negotiate'
2025-07-15  5:58:00 0 [ERROR] Could not open mysql.plugin table: "Table 'mysql.plugin' doesn't exist". Some plugins may be not loaded
2025-07-15  5:58:00 0 [ERROR] Can't open and lock privilege tables: Table 'mysql.servers' doesn't exist
2025-07-15  5:58:01 0 [Note] Server socket created on IP: '::'.
2025-07-15  5:58:01 0 [Note] Server socket created on IP: '0.0.0.0'.
2025-07-15  5:58:01 0 [ERROR] Fatal error: Can't open and lock privilege tables: Table 'mysql.db' doesn't exist
2025-07-15  5:58:01 0 [ERROR] Aborting
2025-07-15  5:58:16 0 [Note] Starting MariaDB 11.8.2-MariaDB source revision 8d36cafe4fc700e6e577d5a36650c58707e76b92 server_uid zkqdTLr/hlgSR3JvOvNx9cawhEg= as process 12552
2025-07-15  5:58:16 0 [Note] InnoDB: Compressed tables use zlib 1.3.1
2025-07-15  5:58:16 0 [Note] InnoDB: Number of transaction pools: 1
2025-07-15  5:58:16 0 [Note] InnoDB: Using crc32 + pclmulqdq instructions
2025-07-15  5:58:16 0 [Note] InnoDB: innodb_buffer_pool_size_max=128m, innodb_buffer_pool_size=128m
2025-07-15  5:58:16 0 [Note] InnoDB: Completed initialization of buffer pool
2025-07-15  5:58:16 0 [Note] InnoDB: File system buffers for log disabled (block size=4096 bytes)
2025-07-15  5:58:16 0 [Note] InnoDB: End of log at LSN=37792
2025-07-15  5:58:16 0 [Note] InnoDB: Opened 3 undo tablespaces
2025-07-15  5:58:16 0 [Note] InnoDB: 128 rollback segments in 3 undo tablespaces are active.
2025-07-15  5:58:16 0 [Note] InnoDB: Setting file './ibtmp1' size to 12.000MiB. Physically writing the file full; Please wait ...
2025-07-15  5:58:16 0 [Note] InnoDB: File './ibtmp1' size is now 12.000MiB.
2025-07-15  5:58:16 0 [Note] InnoDB: log sequence number 37792; transaction id 4
2025-07-15  5:58:16 0 [Note] InnoDB: Loading buffer pool(s) from C:\Users\Kamshory\OneDrive\Desktop\Server\data\ib_buffer_pool
2025-07-15  5:58:16 0 [Note] Plugin 'FEEDBACK' is disabled.
2025-07-15  5:58:16 0 [Note] mysqld.exe: SSPI: using principal name 'localhost', mech 'Negotiate'
2025-07-15  5:58:16 0 [Note] InnoDB: Buffer pool(s) load completed at 250715  5:58:16
2025-07-15  5:58:16 0 [ERROR] Could not open mysql.plugin table: "Table 'mysql.plugin' doesn't exist". Some plugins may be not loaded
2025-07-15  5:58:16 0 [ERROR] Can't open and lock privilege tables: Table 'mysql.servers' doesn't exist
2025-07-15  5:58:17 0 [Note] Server socket created on IP: '::'.
2025-07-15  5:58:17 0 [Note] Server socket created on IP: '0.0.0.0'.
2025-07-15  5:58:17 0 [ERROR] Fatal error: Can't open and lock privilege tables: Table 'mysql.db' doesn't exist
2025-07-15  5:58:17 0 [ERROR] Aborting
2025-07-15  6:03:52 0 [Note] Starting MariaDB 11.8.2-MariaDB source revision 8d36cafe4fc700e6e577d5a36650c58707e76b92 server_uid zkqdTLr/hlgSR3JvOvNx9cawhEg= as process 10664
2025-07-15  6:03:52 0 [Note] InnoDB: Compressed tables use zlib 1.3.1
2025-07-15  6:03:52 0 [Note] InnoDB: Number of transaction pools: 1
2025-07-15  6:03:52 0 [Note] InnoDB: Using crc32 + pclmulqdq instructions
2025-07-15  6:03:52 0 [Note] InnoDB: innodb_buffer_pool_size_max=128m, innodb_buffer_pool_size=128m
2025-07-15  6:03:52 0 [Note] InnoDB: Completed initialization of buffer pool
2025-07-15  6:03:52 0 [Note] InnoDB: File system buffers for log disabled (block size=4096 bytes)
2025-07-15  6:03:52 0 [Note] InnoDB: End of log at LSN=37792
2025-07-15  6:03:52 0 [Note] InnoDB: Opened 3 undo tablespaces
2025-07-15  6:03:52 0 [Note] InnoDB: 128 rollback segments in 3 undo tablespaces are active.
2025-07-15  6:03:52 0 [Note] InnoDB: Setting file './ibtmp1' size to 12.000MiB. Physically writing the file full; Please wait ...
2025-07-15  6:03:52 0 [Note] InnoDB: File './ibtmp1' size is now 12.000MiB.
2025-07-15  6:03:52 0 [Note] InnoDB: log sequence number 37792; transaction id 4
2025-07-15  6:03:52 0 [Note] Plugin 'FEEDBACK' is disabled.
2025-07-15  6:03:52 0 [Note] InnoDB: Loading buffer pool(s) from C:\Users\Kamshory\OneDrive\Desktop\Server\data\ib_buffer_pool
2025-07-15  6:03:52 0 [Note] InnoDB: Buffer pool(s) load completed at 250715  6:03:52
2025-07-15  6:03:52 0 [Note] mysqld.exe: SSPI: using principal name 'localhost', mech 'Negotiate'
2025-07-15  6:03:52 0 [ERROR] Could not open mysql.plugin table: "Table 'mysql.plugin' doesn't exist". Some plugins may be not loaded
2025-07-15  6:03:52 0 [ERROR] Can't open and lock privilege tables: Table 'mysql.servers' doesn't exist
2025-07-15  6:03:54 0 [Note] Server socket created on IP: '::'.
2025-07-15  6:03:54 0 [Note] Server socket created on IP: '0.0.0.0'.
2025-07-15  6:03:54 0 [ERROR] Fatal error: Can't open and lock privilege tables: Table 'mysql.db' doesn't exist
2025-07-15  6:03:54 0 [ERROR] Aborting
2025-07-15  6:10:40 0 [Note] Starting MariaDB 11.8.2-MariaDB source revision 8d36cafe4fc700e6e577d5a36650c58707e76b92 server_uid zkqdTLr/hlgSR3JvOvNx9cawhEg= as process 13740
2025-07-15  6:10:40 0 [Note] InnoDB: Compressed tables use zlib 1.3.1
2025-07-15  6:10:40 0 [Note] InnoDB: Number of transaction pools: 1
2025-07-15  6:10:40 0 [Note] InnoDB: Using crc32 + pclmulqdq instructions
2025-07-15  6:10:40 0 [Note] InnoDB: innodb_buffer_pool_size_max=128m, innodb_buffer_pool_size=128m
2025-07-15  6:10:40 0 [Note] InnoDB: Completed initialization of buffer pool
2025-07-15  6:10:40 0 [Note] InnoDB: File system buffers for log disabled (block size=4096 bytes)
2025-07-15  6:10:40 0 [Note] InnoDB: End of log at LSN=37792
2025-07-15  6:10:40 0 [Note] InnoDB: Opened 3 undo tablespaces
2025-07-15  6:10:40 0 [Note] InnoDB: 128 rollback segments in 3 undo tablespaces are active.
2025-07-15  6:10:40 0 [Note] InnoDB: Setting file './ibtmp1' size to 12.000MiB. Physically writing the file full; Please wait ...
2025-07-15  6:10:40 0 [Note] InnoDB: File './ibtmp1' size is now 12.000MiB.
2025-07-15  6:10:40 0 [Note] InnoDB: log sequence number 37792; transaction id 4
2025-07-15  6:10:40 0 [Note] Plugin 'FEEDBACK' is disabled.
2025-07-15  6:10:40 0 [Note] InnoDB: Loading buffer pool(s) from C:\Users\Kamshory\OneDrive\Desktop\Server\data\ib_buffer_pool
2025-07-15  6:10:40 0 [Note] InnoDB: Buffer pool(s) load completed at 250715  6:10:40
2025-07-15  6:10:40 0 [Note] mysqld.exe: SSPI: using principal name 'localhost', mech 'Negotiate'
2025-07-15  6:10:40 0 [ERROR] Could not open mysql.plugin table: "Table 'mysql.plugin' doesn't exist". Some plugins may be not loaded
2025-07-15  6:10:40 0 [ERROR] Can't open and lock privilege tables: Table 'mysql.servers' doesn't exist
2025-07-15  6:10:43 0 [Note] Server socket created on IP: '::'.
2025-07-15  6:10:43 0 [Note] Server socket created on IP: '0.0.0.0'.
2025-07-15  6:10:43 0 [ERROR] Fatal error: Can't open and lock privilege tables: Table 'mysql.db' doesn't exist
2025-07-15  6:10:43 0 [ERROR] Aborting
2025-07-15  6:11:19 0 [Note] Starting MariaDB 11.8.2-MariaDB source revision 8d36cafe4fc700e6e577d5a36650c58707e76b92 server_uid zkqdTLr/hlgSR3JvOvNx9cawhEg= as process 13736
2025-07-15  6:11:19 0 [Note] InnoDB: Compressed tables use zlib 1.3.1
2025-07-15  6:11:19 0 [Note] InnoDB: Number of transaction pools: 1
2025-07-15  6:11:19 0 [Note] InnoDB: Using crc32 + pclmulqdq instructions
2025-07-15  6:11:19 0 [Note] InnoDB: innodb_buffer_pool_size_max=128m, innodb_buffer_pool_size=128m
2025-07-15  6:11:19 0 [Note] InnoDB: Completed initialization of buffer pool
2025-07-15  6:11:19 0 [Note] InnoDB: File system buffers for log disabled (block size=4096 bytes)
2025-07-15  6:11:19 0 [Note] InnoDB: End of log at LSN=37792
2025-07-15  6:11:19 0 [Note] InnoDB: Opened 3 undo tablespaces
2025-07-15  6:11:19 0 [Note] InnoDB: 128 rollback segments in 3 undo tablespaces are active.
2025-07-15  6:11:19 0 [Note] InnoDB: Setting file './ibtmp1' size to 12.000MiB. Physically writing the file full; Please wait ...
2025-07-15  6:11:19 0 [Note] InnoDB: File './ibtmp1' size is now 12.000MiB.
2025-07-15  6:11:19 0 [Note] InnoDB: log sequence number 37792; transaction id 4
2025-07-15  6:11:19 0 [Note] Plugin 'FEEDBACK' is disabled.
2025-07-15  6:11:19 0 [Note] InnoDB: Loading buffer pool(s) from C:\Users\Kamshory\OneDrive\Desktop\Server\data\ib_buffer_pool
2025-07-15  6:11:19 0 [Note] mysqld.exe: SSPI: using principal name 'localhost', mech 'Negotiate'
2025-07-15  6:11:19 0 [Note] InnoDB: Buffer pool(s) load completed at 250715  6:11:19
2025-07-15  6:11:19 0 [ERROR] Could not open mysql.plugin table: "Table 'mysql.plugin' doesn't exist". Some plugins may be not loaded
2025-07-15  6:11:19 0 [ERROR] Can't open and lock privilege tables: Table 'mysql.servers' doesn't exist
2025-07-15  6:11:20 0 [Note] Server socket created on IP: '::'.
2025-07-15  6:11:20 0 [Note] Server socket created on IP: '0.0.0.0'.
2025-07-15  6:11:20 0 [ERROR] Fatal error: Can't open and lock privilege tables: Table 'mysql.db' doesn't exist
2025-07-15  6:11:20 0 [ERROR] Aborting
2025-07-15  6:11:40 0 [Note] Starting MariaDB 11.8.2-MariaDB source revision 8d36cafe4fc700e6e577d5a36650c58707e76b92 server_uid zkqdTLr/hlgSR3JvOvNx9cawhEg= as process 18620
2025-07-15  6:11:40 0 [Note] InnoDB: Compressed tables use zlib 1.3.1
2025-07-15  6:11:40 0 [Note] InnoDB: Number of transaction pools: 1
2025-07-15  6:11:40 0 [Note] InnoDB: Using crc32 + pclmulqdq instructions
2025-07-15  6:11:40 0 [Note] InnoDB: innodb_buffer_pool_size_max=128m, innodb_buffer_pool_size=128m
2025-07-15  6:11:40 0 [Note] InnoDB: Completed initialization of buffer pool
2025-07-15  6:11:40 0 [Note] InnoDB: File system buffers for log disabled (block size=4096 bytes)
2025-07-15  6:11:40 0 [Note] InnoDB: End of log at LSN=37792
2025-07-15  6:11:40 0 [Note] InnoDB: Opened 3 undo tablespaces
2025-07-15  6:11:40 0 [Note] InnoDB: 128 rollback segments in 3 undo tablespaces are active.
2025-07-15  6:11:40 0 [Note] InnoDB: Setting file './ibtmp1' size to 12.000MiB. Physically writing the file full; Please wait ...
2025-07-15  6:11:40 0 [Note] InnoDB: File './ibtmp1' size is now 12.000MiB.
2025-07-15  6:11:40 0 [Note] InnoDB: log sequence number 37792; transaction id 4
2025-07-15  6:11:40 0 [Note] Plugin 'FEEDBACK' is disabled.
2025-07-15  6:11:40 0 [Note] mysqld.exe: SSPI: using principal name 'localhost', mech 'Negotiate'
2025-07-15  6:11:40 0 [ERROR] Could not open mysql.plugin table: "Table 'mysql.plugin' doesn't exist". Some plugins may be not loaded
2025-07-15  6:11:40 0 [Note] InnoDB: Loading buffer pool(s) from C:\Users\Kamshory\OneDrive\Desktop\Server\data\ib_buffer_pool
2025-07-15  6:11:41 0 [Note] InnoDB: Buffer pool(s) load completed at 250715  6:11:41
2025-07-15  6:11:41 0 [ERROR] Can't open and lock privilege tables: Table 'mysql.servers' doesn't exist
2025-07-15  6:11:43 0 [Note] Server socket created on IP: '::'.
2025-07-15  6:11:43 0 [Note] Server socket created on IP: '0.0.0.0'.
2025-07-15  6:11:43 0 [ERROR] Fatal error: Can't open and lock privilege tables: Table 'mysql.db' doesn't exist
2025-07-15  6:11:43 0 [ERROR] Aborting
2025-07-15  6:14:51 0 [Note] Starting MariaDB 11.8.2-MariaDB source revision 8d36cafe4fc700e6e577d5a36650c58707e76b92 server_uid zkqdTLr/hlgSR3JvOvNx9cawhEg= as process 13128
2025-07-15  6:14:51 0 [Note] InnoDB: Compressed tables use zlib 1.3.1
2025-07-15  6:14:51 0 [Note] InnoDB: Number of transaction pools: 1
2025-07-15  6:14:51 0 [Note] InnoDB: Using crc32 + pclmulqdq instructions
2025-07-15  6:14:51 0 [Note] InnoDB: innodb_buffer_pool_size_max=128m, innodb_buffer_pool_size=128m
2025-07-15  6:14:51 0 [Note] InnoDB: Completed initialization of buffer pool
2025-07-15  6:14:51 0 [Note] InnoDB: File system buffers for log disabled (block size=4096 bytes)
2025-07-15  6:14:51 0 [Note] InnoDB: End of log at LSN=37792
2025-07-15  6:14:51 0 [Note] InnoDB: Opened 3 undo tablespaces
2025-07-15  6:14:51 0 [Note] InnoDB: 128 rollback segments in 3 undo tablespaces are active.
2025-07-15  6:14:51 0 [Note] InnoDB: Setting file './ibtmp1' size to 12.000MiB. Physically writing the file full; Please wait ...
2025-07-15  6:14:51 0 [Note] InnoDB: File './ibtmp1' size is now 12.000MiB.
2025-07-15  6:14:51 0 [Note] InnoDB: log sequence number 37792; transaction id 4
2025-07-15  6:14:51 0 [Note] Plugin 'FEEDBACK' is disabled.
2025-07-15  6:14:51 0 [Note] InnoDB: Loading buffer pool(s) from C:\Users\Kamshory\OneDrive\Desktop\Server\data\ib_buffer_pool
2025-07-15  6:14:51 0 [Note] mysqld.exe: SSPI: using principal name 'localhost', mech 'Negotiate'
2025-07-15  6:14:51 0 [Note] InnoDB: Buffer pool(s) load completed at 250715  6:14:51
2025-07-15  6:14:51 0 [ERROR] Could not open mysql.plugin table: "Table 'mysql.plugin' doesn't exist". Some plugins may be not loaded
2025-07-15  6:14:51 0 [ERROR] Can't open and lock privilege tables: Table 'mysql.servers' doesn't exist
2025-07-15  6:14:53 0 [Note] Server socket created on IP: '::'.
2025-07-15  6:14:53 0 [Note] Server socket created on IP: '0.0.0.0'.
2025-07-15  6:14:53 0 [ERROR] Fatal error: Can't open and lock privilege tables: Table 'mysql.db' doesn't exist
2025-07-15  6:14:53 0 [ERROR] Aborting
2025-07-15  6:16:36 0 [Note] Starting MariaDB 11.8.2-MariaDB source revision 8d36cafe4fc700e6e577d5a36650c58707e76b92 server_uid zkqdTLr/hlgSR3JvOvNx9cawhEg= as process 4184
2025-07-15  6:16:36 0 [Note] InnoDB: Compressed tables use zlib 1.3.1
2025-07-15  6:16:36 0 [Note] InnoDB: Number of transaction pools: 1
2025-07-15  6:16:36 0 [Note] InnoDB: Using crc32 + pclmulqdq instructions
2025-07-15  6:16:36 0 [Note] InnoDB: innodb_buffer_pool_size_max=128m, innodb_buffer_pool_size=128m
2025-07-15  6:16:36 0 [Note] InnoDB: Completed initialization of buffer pool
2025-07-15  6:16:36 0 [Note] InnoDB: File system buffers for log disabled (block size=4096 bytes)
2025-07-15  6:16:36 0 [Note] InnoDB: End of log at LSN=37792
2025-07-15  6:16:36 0 [Note] InnoDB: Opened 3 undo tablespaces
2025-07-15  6:16:36 0 [Note] InnoDB: 128 rollback segments in 3 undo tablespaces are active.
2025-07-15  6:16:36 0 [Note] InnoDB: Setting file './ibtmp1' size to 12.000MiB. Physically writing the file full; Please wait ...
2025-07-15  6:16:36 0 [Note] InnoDB: File './ibtmp1' size is now 12.000MiB.
2025-07-15  6:16:36 0 [Note] InnoDB: log sequence number 37792; transaction id 4
2025-07-15  6:16:36 0 [Note] InnoDB: Loading buffer pool(s) from C:\Users\Kamshory\OneDrive\Desktop\Server\data\ib_buffer_pool
2025-07-15  6:16:36 0 [Note] Plugin 'FEEDBACK' is disabled.
2025-07-15  6:16:36 0 [Note] mysqld.exe: SSPI: using principal name 'localhost', mech 'Negotiate'
2025-07-15  6:16:36 0 [Note] InnoDB: Buffer pool(s) load completed at 250715  6:16:36
2025-07-15  6:16:36 0 [ERROR] Could not open mysql.plugin table: "Table 'mysql.plugin' doesn't exist". Some plugins may be not loaded
2025-07-15  6:16:36 0 [ERROR] Can't open and lock privilege tables: Table 'mysql.servers' doesn't exist
2025-07-15  6:16:38 0 [Note] Server socket created on IP: '::'.
2025-07-15  6:16:38 0 [Note] Server socket created on IP: '0.0.0.0'.
2025-07-15  6:16:38 0 [ERROR] Fatal error: Can't open and lock privilege tables: Table 'mysql.db' doesn't exist
2025-07-15  6:16:38 0 [ERROR] Aborting
2025-07-15  6:26:03 0 [Note] Starting MariaDB 11.8.2-MariaDB source revision 8d36cafe4fc700e6e577d5a36650c58707e76b92 server_uid zkqdTLr/hlgSR3JvOvNx9cawhEg= as process 19196
2025-07-15  6:26:03 0 [Note] InnoDB: Compressed tables use zlib 1.3.1
2025-07-15  6:26:03 0 [Note] InnoDB: Number of transaction pools: 1
2025-07-15  6:26:03 0 [Note] InnoDB: Using crc32 + pclmulqdq instructions
2025-07-15  6:26:03 0 [Note] InnoDB: innodb_buffer_pool_size_max=128m, innodb_buffer_pool_size=128m
2025-07-15  6:26:03 0 [Note] InnoDB: Completed initialization of buffer pool
2025-07-15  6:26:03 0 [Note] InnoDB: File system buffers for log disabled (block size=4096 bytes)
2025-07-15  6:26:03 0 [Note] InnoDB: End of log at LSN=37792
2025-07-15  6:26:03 0 [Note] InnoDB: Opened 3 undo tablespaces
2025-07-15  6:26:03 0 [Note] InnoDB: 128 rollback segments in 3 undo tablespaces are active.
2025-07-15  6:26:03 0 [Note] InnoDB: Setting file './ibtmp1' size to 12.000MiB. Physically writing the file full; Please wait ...
2025-07-15  6:26:03 0 [Note] InnoDB: File './ibtmp1' size is now 12.000MiB.
2025-07-15  6:26:03 0 [Note] InnoDB: log sequence number 37792; transaction id 4
2025-07-15  6:26:03 0 [Note] InnoDB: Loading buffer pool(s) from D:\Server\data\ib_buffer_pool
2025-07-15  6:26:03 0 [Note] Plugin 'FEEDBACK' is disabled.
2025-07-15  6:26:03 0 [Note] mysqld.exe: SSPI: using principal name 'localhost', mech 'Negotiate'
2025-07-15  6:26:03 0 [ERROR] Could not open mysql.plugin table: "Table 'mysql.plugin' doesn't exist". Some plugins may be not loaded
2025-07-15  6:26:03 0 [Note] InnoDB: Buffer pool(s) load completed at 250715  6:26:03
2025-07-15  6:26:03 0 [ERROR] Can't open and lock privilege tables: Table 'mysql.servers' doesn't exist
2025-07-15  6:26:04 0 [Note] Server socket created on IP: '::'.
2025-07-15  6:26:04 0 [Note] Server socket created on IP: '0.0.0.0'.
2025-07-15  6:26:04 0 [ERROR] Fatal error: Can't open and lock privilege tables: Table 'mysql.db' doesn't exist
2025-07-15  6:26:04 0 [ERROR] Aborting
2025-07-15  6:26:54 0 [Note] Starting MariaDB 11.8.2-MariaDB source revision 8d36cafe4fc700e6e577d5a36650c58707e76b92 server_uid zkqdTLr/hlgSR3JvOvNx9cawhEg= as process 9100
2025-07-15  6:26:54 0 [Note] InnoDB: Compressed tables use zlib 1.3.1
2025-07-15  6:26:54 0 [Note] InnoDB: Number of transaction pools: 1
2025-07-15  6:26:54 0 [Note] InnoDB: Using crc32 + pclmulqdq instructions
2025-07-15  6:26:54 0 [Note] InnoDB: innodb_buffer_pool_size_max=128m, innodb_buffer_pool_size=128m
2025-07-15  6:26:54 0 [Note] InnoDB: Completed initialization of buffer pool
2025-07-15  6:26:54 0 [Note] InnoDB: File system buffers for log disabled (block size=4096 bytes)
2025-07-15  6:26:54 0 [Note] InnoDB: End of log at LSN=37792
2025-07-15  6:26:54 0 [Note] InnoDB: Opened 3 undo tablespaces
2025-07-15  6:26:54 0 [Note] InnoDB: 128 rollback segments in 3 undo tablespaces are active.
2025-07-15  6:26:54 0 [Note] InnoDB: Setting file './ibtmp1' size to 12.000MiB. Physically writing the file full; Please wait ...
2025-07-15  6:26:54 0 [Note] InnoDB: File './ibtmp1' size is now 12.000MiB.
2025-07-15  6:26:54 0 [Note] InnoDB: log sequence number 37792; transaction id 4
2025-07-15  6:26:54 0 [Note] InnoDB: Loading buffer pool(s) from D:\Server\data\ib_buffer_pool
2025-07-15  6:26:54 0 [Note] Plugin 'FEEDBACK' is disabled.
2025-07-15  6:26:54 0 [Note] mysqld.exe: SSPI: using principal name 'localhost', mech 'Negotiate'
2025-07-15  6:26:54 0 [Note] InnoDB: Buffer pool(s) load completed at 250715  6:26:54
2025-07-15  6:26:54 0 [ERROR] Could not open mysql.plugin table: "Table 'mysql.plugin' doesn't exist". Some plugins may be not loaded
2025-07-15  6:26:54 0 [ERROR] Can't open and lock privilege tables: Table 'mysql.servers' doesn't exist
2025-07-15  6:26:55 0 [Note] Server socket created on IP: '::'.
2025-07-15  6:26:55 0 [Note] Server socket created on IP: '0.0.0.0'.
2025-07-15  6:26:55 0 [ERROR] Fatal error: Can't open and lock privilege tables: Table 'mysql.db' doesn't exist
2025-07-15  6:26:55 0 [ERROR] Aborting
2025-07-15  6:27:22 0 [Note] Starting MariaDB 11.8.2-MariaDB source revision 8d36cafe4fc700e6e577d5a36650c58707e76b92 server_uid zkqdTLr/hlgSR3JvOvNx9cawhEg= as process 18420
2025-07-15  6:27:22 0 [Note] InnoDB: Compressed tables use zlib 1.3.1
2025-07-15  6:27:22 0 [Note] InnoDB: Number of transaction pools: 1
2025-07-15  6:27:22 0 [Note] InnoDB: Using crc32 + pclmulqdq instructions
2025-07-15  6:27:22 0 [Note] InnoDB: innodb_buffer_pool_size_max=128m, innodb_buffer_pool_size=128m
2025-07-15  6:27:22 0 [Note] InnoDB: Completed initialization of buffer pool
2025-07-15  6:27:22 0 [Note] InnoDB: File system buffers for log disabled (block size=4096 bytes)
2025-07-15  6:27:23 0 [Note] InnoDB: End of log at LSN=37792
2025-07-15  6:27:23 0 [Note] InnoDB: Opened 3 undo tablespaces
2025-07-15  6:27:23 0 [Note] InnoDB: 128 rollback segments in 3 undo tablespaces are active.
2025-07-15  6:27:23 0 [Note] InnoDB: Setting file './ibtmp1' size to 12.000MiB. Physically writing the file full; Please wait ...
2025-07-15  6:27:23 0 [Note] InnoDB: File './ibtmp1' size is now 12.000MiB.
2025-07-15  6:27:23 0 [Note] InnoDB: log sequence number 37792; transaction id 4
2025-07-15  6:27:23 0 [Note] Plugin 'FEEDBACK' is disabled.
2025-07-15  6:27:23 0 [Note] InnoDB: Loading buffer pool(s) from D:\Server\data\ib_buffer_pool
2025-07-15  6:27:23 0 [Note] mysqld.exe: SSPI: using principal name 'localhost', mech 'Negotiate'
2025-07-15  6:27:23 0 [Note] InnoDB: Buffer pool(s) load completed at 250715  6:27:23
2025-07-15  6:27:23 0 [ERROR] Could not open mysql.plugin table: "Table 'mysql.plugin' doesn't exist". Some plugins may be not loaded
2025-07-15  6:27:23 0 [ERROR] Can't open and lock privilege tables: Table 'mysql.servers' doesn't exist
2025-07-15  6:27:24 0 [Note] Server socket created on IP: '::'.
2025-07-15  6:27:24 0 [Note] Server socket created on IP: '0.0.0.0'.
2025-07-15  6:27:24 0 [ERROR] Fatal error: Can't open and lock privilege tables: Table 'mysql.db' doesn't exist
2025-07-15  6:27:24 0 [ERROR] Aborting
2025-07-15  6:28:13 0 [Note] Starting MariaDB 11.8.2-MariaDB source revision 8d36cafe4fc700e6e577d5a36650c58707e76b92 server_uid zkqdTLr/hlgSR3JvOvNx9cawhEg= as process 18200
2025-07-15  6:28:13 0 [Note] InnoDB: Compressed tables use zlib 1.3.1
2025-07-15  6:28:13 0 [Note] InnoDB: Number of transaction pools: 1
2025-07-15  6:28:13 0 [Note] InnoDB: Using crc32 + pclmulqdq instructions
2025-07-15  6:28:13 0 [Note] InnoDB: innodb_buffer_pool_size_max=128m, innodb_buffer_pool_size=128m
2025-07-15  6:28:13 0 [Note] InnoDB: Completed initialization of buffer pool
2025-07-15  6:28:13 0 [Note] InnoDB: File system buffers for log disabled (block size=4096 bytes)
2025-07-15  6:28:13 0 [Note] InnoDB: End of log at LSN=37792
2025-07-15  6:28:13 0 [Note] InnoDB: Opened 3 undo tablespaces
2025-07-15  6:28:13 0 [Note] InnoDB: 128 rollback segments in 3 undo tablespaces are active.
2025-07-15  6:28:13 0 [Note] InnoDB: Setting file './ibtmp1' size to 12.000MiB. Physically writing the file full; Please wait ...
2025-07-15  6:28:13 0 [Note] InnoDB: File './ibtmp1' size is now 12.000MiB.
2025-07-15  6:28:13 0 [Note] InnoDB: log sequence number 37792; transaction id 4
2025-07-15  6:28:13 0 [Note] Plugin 'FEEDBACK' is disabled.
2025-07-15  6:28:13 0 [Note] InnoDB: Loading buffer pool(s) from D:\Server\data\ib_buffer_pool
2025-07-15  6:28:13 0 [Note] mysqld.exe: SSPI: using principal name 'localhost', mech 'Negotiate'
2025-07-15  6:28:13 0 [Note] InnoDB: Buffer pool(s) load completed at 250715  6:28:13
2025-07-15  6:28:13 0 [ERROR] Could not open mysql.plugin table: "Table 'mysql.plugin' doesn't exist". Some plugins may be not loaded
2025-07-15  6:28:13 0 [ERROR] Can't open and lock privilege tables: Table 'mysql.servers' doesn't exist
2025-07-15  6:28:15 0 [Note] Server socket created on IP: '::'.
2025-07-15  6:28:15 0 [Note] Server socket created on IP: '0.0.0.0'.
2025-07-15  6:28:15 0 [ERROR] Fatal error: Can't open and lock privilege tables: Table 'mysql.db' doesn't exist
2025-07-15  6:28:15 0 [ERROR] Aborting
2025-07-15  6:28:39 0 [Note] Starting MariaDB 11.8.2-MariaDB source revision 8d36cafe4fc700e6e577d5a36650c58707e76b92 server_uid zkqdTLr/hlgSR3JvOvNx9cawhEg= as process 5944
2025-07-15  6:28:39 0 [Note] InnoDB: Compressed tables use zlib 1.3.1
2025-07-15  6:28:39 0 [Note] InnoDB: Number of transaction pools: 1
2025-07-15  6:28:39 0 [Note] InnoDB: Using crc32 + pclmulqdq instructions
2025-07-15  6:28:39 0 [Note] InnoDB: innodb_buffer_pool_size_max=128m, innodb_buffer_pool_size=128m
2025-07-15  6:28:39 0 [Note] InnoDB: Completed initialization of buffer pool
2025-07-15  6:28:39 0 [Note] InnoDB: File system buffers for log disabled (block size=4096 bytes)
2025-07-15  6:28:39 0 [Note] InnoDB: End of log at LSN=37792
2025-07-15  6:28:39 0 [Note] InnoDB: Opened 3 undo tablespaces
2025-07-15  6:28:39 0 [Note] InnoDB: 128 rollback segments in 3 undo tablespaces are active.
2025-07-15  6:28:39 0 [Note] InnoDB: Setting file './ibtmp1' size to 12.000MiB. Physically writing the file full; Please wait ...
2025-07-15  6:28:39 0 [Note] InnoDB: File './ibtmp1' size is now 12.000MiB.
2025-07-15  6:28:39 0 [Note] InnoDB: log sequence number 37792; transaction id 4
2025-07-15  6:28:39 0 [Note] Plugin 'FEEDBACK' is disabled.
2025-07-15  6:28:39 0 [Note] InnoDB: Loading buffer pool(s) from D:\Server\data\ib_buffer_pool
2025-07-15  6:28:39 0 [Note] InnoDB: Buffer pool(s) load completed at 250715  6:28:39
2025-07-15  6:28:39 0 [Note] mysqld.exe: SSPI: using principal name 'localhost', mech 'Negotiate'
2025-07-15  6:28:39 0 [ERROR] Could not open mysql.plugin table: "Table 'mysql.plugin' doesn't exist". Some plugins may be not loaded
2025-07-15  6:28:39 0 [ERROR] Can't open and lock privilege tables: Table 'mysql.servers' doesn't exist
2025-07-15  6:28:40 0 [Note] Server socket created on IP: '::'.
2025-07-15  6:28:40 0 [Note] Server socket created on IP: '0.0.0.0'.
2025-07-15  6:28:40 0 [ERROR] Fatal error: Can't open and lock privilege tables: Table 'mysql.db' doesn't exist
2025-07-15  6:28:40 0 [ERROR] Aborting
2025-07-15  6:35:15 0 [Note] Starting MariaDB 11.8.2-MariaDB source revision 8d36cafe4fc700e6e577d5a36650c58707e76b92 server_uid zkqdTLr/hlgSR3JvOvNx9cawhEg= as process 15328
2025-07-15  6:35:15 0 [Note] InnoDB: Compressed tables use zlib 1.3.1
2025-07-15  6:35:15 0 [Note] InnoDB: Number of transaction pools: 1
2025-07-15  6:35:15 0 [Note] InnoDB: Using crc32 + pclmulqdq instructions
2025-07-15  6:35:15 0 [Note] InnoDB: innodb_buffer_pool_size_max=128m, innodb_buffer_pool_size=128m
2025-07-15  6:35:15 0 [Note] InnoDB: Completed initialization of buffer pool
2025-07-15  6:35:15 0 [Note] InnoDB: File system buffers for log disabled (block size=4096 bytes)
2025-07-15  6:35:15 0 [Note] InnoDB: End of log at LSN=37792
2025-07-15  6:35:15 0 [Note] InnoDB: Opened 3 undo tablespaces
2025-07-15  6:35:15 0 [Note] InnoDB: 128 rollback segments in 3 undo tablespaces are active.
2025-07-15  6:35:15 0 [Note] InnoDB: Setting file './ibtmp1' size to 12.000MiB. Physically writing the file full; Please wait ...
2025-07-15  6:35:15 0 [Note] InnoDB: File './ibtmp1' size is now 12.000MiB.
2025-07-15  6:35:15 0 [Note] InnoDB: log sequence number 37792; transaction id 4
2025-07-15  6:35:15 0 [Note] InnoDB: Loading buffer pool(s) from D:\Server\data\ib_buffer_pool
2025-07-15  6:35:15 0 [Note] Plugin 'FEEDBACK' is disabled.
2025-07-15  6:35:15 0 [Note] mysqld.exe: SSPI: using principal name 'localhost', mech 'Negotiate'
2025-07-15  6:35:15 0 [Note] InnoDB: Buffer pool(s) load completed at 250715  6:35:15
2025-07-15  6:35:15 0 [ERROR] Could not open mysql.plugin table: "Table 'mysql.plugin' doesn't exist". Some plugins may be not loaded
2025-07-15  6:35:15 0 [ERROR] Can't open and lock privilege tables: Table 'mysql.servers' doesn't exist
2025-07-15  6:35:16 0 [Note] Server socket created on IP: '::'.
2025-07-15  6:35:16 0 [Note] Server socket created on IP: '0.0.0.0'.
2025-07-15  6:35:16 0 [ERROR] Fatal error: Can't open and lock privilege tables: Table 'mysql.db' doesn't exist
2025-07-15  6:35:16 0 [ERROR] Aborting
2025-07-15  6:35:41 0 [Note] Starting MariaDB 11.8.2-MariaDB source revision 8d36cafe4fc700e6e577d5a36650c58707e76b92 server_uid zkqdTLr/hlgSR3JvOvNx9cawhEg= as process 16088
2025-07-15  6:35:41 0 [Note] InnoDB: Compressed tables use zlib 1.3.1
2025-07-15  6:35:41 0 [Note] InnoDB: Number of transaction pools: 1
2025-07-15  6:35:41 0 [Note] InnoDB: Using crc32 + pclmulqdq instructions
2025-07-15  6:35:41 0 [Note] InnoDB: innodb_buffer_pool_size_max=128m, innodb_buffer_pool_size=128m
2025-07-15  6:35:41 0 [Note] InnoDB: Completed initialization of buffer pool
2025-07-15  6:35:41 0 [Note] InnoDB: File system buffers for log disabled (block size=4096 bytes)
2025-07-15  6:35:41 0 [Note] InnoDB: End of log at LSN=37792
2025-07-15  6:35:41 0 [Note] InnoDB: Opened 3 undo tablespaces
2025-07-15  6:35:41 0 [Note] InnoDB: 128 rollback segments in 3 undo tablespaces are active.
2025-07-15  6:35:41 0 [Note] InnoDB: Setting file './ibtmp1' size to 12.000MiB. Physically writing the file full; Please wait ...
2025-07-15  6:35:41 0 [Note] InnoDB: File './ibtmp1' size is now 12.000MiB.
2025-07-15  6:35:41 0 [Note] InnoDB: log sequence number 37792; transaction id 4
2025-07-15  6:35:41 0 [Note] InnoDB: Loading buffer pool(s) from D:\Server\data\ib_buffer_pool
2025-07-15  6:35:41 0 [Note] Plugin 'FEEDBACK' is disabled.
2025-07-15  6:35:41 0 [Note] mysqld.exe: SSPI: using principal name 'localhost', mech 'Negotiate'
2025-07-15  6:35:41 0 [Note] InnoDB: Buffer pool(s) load completed at 250715  6:35:41
2025-07-15  6:35:41 0 [ERROR] Could not open mysql.plugin table: "Table 'mysql.plugin' doesn't exist". Some plugins may be not loaded
2025-07-15  6:35:41 0 [ERROR] Can't open and lock privilege tables: Table 'mysql.servers' doesn't exist
2025-07-15  6:35:43 0 [Note] Server socket created on IP: '::'.
2025-07-15  6:35:43 0 [Note] Server socket created on IP: '0.0.0.0'.
2025-07-15  6:35:43 0 [ERROR] Fatal error: Can't open and lock privilege tables: Table 'mysql.db' doesn't exist
2025-07-15  6:35:43 0 [ERROR] Aborting
2025-07-15  6:36:34 0 [Note] Starting MariaDB 11.8.2-MariaDB source revision 8d36cafe4fc700e6e577d5a36650c58707e76b92 server_uid zkqdTLr/hlgSR3JvOvNx9cawhEg= as process 20292
2025-07-15  6:36:34 0 [Note] InnoDB: Compressed tables use zlib 1.3.1
2025-07-15  6:36:34 0 [Note] InnoDB: Number of transaction pools: 1
2025-07-15  6:36:34 0 [Note] InnoDB: Using crc32 + pclmulqdq instructions
2025-07-15  6:36:34 0 [Note] InnoDB: innodb_buffer_pool_size_max=128m, innodb_buffer_pool_size=128m
2025-07-15  6:36:34 0 [Note] InnoDB: Completed initialization of buffer pool
2025-07-15  6:36:34 0 [Note] InnoDB: File system buffers for log disabled (block size=4096 bytes)
2025-07-15  6:36:34 0 [Note] InnoDB: End of log at LSN=37792
2025-07-15  6:36:34 0 [Note] InnoDB: Opened 3 undo tablespaces
2025-07-15  6:36:34 0 [Note] InnoDB: 128 rollback segments in 3 undo tablespaces are active.
2025-07-15  6:36:34 0 [Note] InnoDB: Setting file './ibtmp1' size to 12.000MiB. Physically writing the file full; Please wait ...
2025-07-15  6:36:34 0 [Note] InnoDB: File './ibtmp1' size is now 12.000MiB.
2025-07-15  6:36:34 0 [Note] InnoDB: log sequence number 37792; transaction id 4
2025-07-15  6:36:34 0 [Note] Plugin 'FEEDBACK' is disabled.
2025-07-15  6:36:34 0 [Note] InnoDB: Loading buffer pool(s) from D:\Server\data\ib_buffer_pool
2025-07-15  6:36:34 0 [Note] mysqld.exe: SSPI: using principal name 'localhost', mech 'Negotiate'
2025-07-15  6:36:34 0 [Note] InnoDB: Buffer pool(s) load completed at 250715  6:36:34
2025-07-15  6:36:34 0 [ERROR] Could not open mysql.plugin table: "Table 'mysql.plugin' doesn't exist". Some plugins may be not loaded
2025-07-15  6:36:34 0 [ERROR] Can't open and lock privilege tables: Table 'mysql.servers' doesn't exist
2025-07-15  6:36:35 0 [Note] Server socket created on IP: '::'.
2025-07-15  6:36:35 0 [Note] Server socket created on IP: '0.0.0.0'.
2025-07-15  6:36:35 0 [ERROR] Fatal error: Can't open and lock privilege tables: Table 'mysql.db' doesn't exist
2025-07-15  6:36:35 0 [ERROR] Aborting
2025-07-15  6:44:51 0 [Note] Starting MariaDB 11.8.2-MariaDB source revision 8d36cafe4fc700e6e577d5a36650c58707e76b92 server_uid zkqdTLr/hlgSR3JvOvNx9cawhEg= as process 20112
2025-07-15  6:44:51 0 [Note] InnoDB: Compressed tables use zlib 1.3.1
2025-07-15  6:44:51 0 [Note] InnoDB: Number of transaction pools: 1
2025-07-15  6:44:51 0 [Note] InnoDB: Using crc32 + pclmulqdq instructions
2025-07-15  6:44:51 0 [Note] InnoDB: innodb_buffer_pool_size_max=128m, innodb_buffer_pool_size=128m
2025-07-15  6:44:51 0 [Note] InnoDB: Completed initialization of buffer pool
2025-07-15  6:44:51 0 [Note] InnoDB: File system buffers for log disabled (block size=4096 bytes)
2025-07-15  6:44:51 0 [Note] InnoDB: End of log at LSN=37792
2025-07-15  6:44:51 0 [Note] InnoDB: Opened 3 undo tablespaces
2025-07-15  6:44:51 0 [Note] InnoDB: 128 rollback segments in 3 undo tablespaces are active.
2025-07-15  6:44:51 0 [Note] InnoDB: Setting file './ibtmp1' size to 12.000MiB. Physically writing the file full; Please wait ...
2025-07-15  6:44:51 0 [Note] InnoDB: File './ibtmp1' size is now 12.000MiB.
2025-07-15  6:44:51 0 [Note] InnoDB: log sequence number 37792; transaction id 4
2025-07-15  6:44:51 0 [Note] Plugin 'FEEDBACK' is disabled.
2025-07-15  6:44:51 0 [Note] InnoDB: Loading buffer pool(s) from D:\Server\data\ib_buffer_pool
2025-07-15  6:44:51 0 [Note] mysqld.exe: SSPI: using principal name 'localhost', mech 'Negotiate'
2025-07-15  6:44:51 0 [Note] InnoDB: Buffer pool(s) load completed at 250715  6:44:51
2025-07-15  6:44:51 0 [ERROR] Could not open mysql.plugin table: "Table 'mysql.plugin' doesn't exist". Some plugins may be not loaded
2025-07-15  6:44:51 0 [ERROR] Can't open and lock privilege tables: Table 'mysql.servers' doesn't exist
2025-07-15  6:44:52 0 [Note] Server socket created on IP: '::'.
2025-07-15  6:44:52 0 [Note] Server socket created on IP: '0.0.0.0'.
2025-07-15  6:44:52 0 [ERROR] Fatal error: Can't open and lock privilege tables: Table 'mysql.db' doesn't exist
2025-07-15  6:44:52 0 [ERROR] Aborting
2025-07-15  6:47:38 0 [Note] Starting MariaDB 11.8.2-MariaDB source revision 8d36cafe4fc700e6e577d5a36650c58707e76b92 server_uid zkqdTLr/hlgSR3JvOvNx9cawhEg= as process 9092
2025-07-15  6:47:38 0 [Note] InnoDB: Compressed tables use zlib 1.3.1
2025-07-15  6:47:38 0 [Note] InnoDB: Number of transaction pools: 1
2025-07-15  6:47:38 0 [Note] InnoDB: Using crc32 + pclmulqdq instructions
2025-07-15  6:47:38 0 [Note] InnoDB: innodb_buffer_pool_size_max=128m, innodb_buffer_pool_size=128m
2025-07-15  6:47:38 0 [Note] InnoDB: Completed initialization of buffer pool
2025-07-15  6:47:38 0 [Note] InnoDB: File system buffers for log disabled (block size=4096 bytes)
2025-07-15  6:47:38 0 [Note] InnoDB: End of log at LSN=37792
2025-07-15  6:47:38 0 [Note] InnoDB: Opened 3 undo tablespaces
2025-07-15  6:47:38 0 [Note] InnoDB: 128 rollback segments in 3 undo tablespaces are active.
2025-07-15  6:47:38 0 [Note] InnoDB: Setting file './ibtmp1' size to 12.000MiB. Physically writing the file full; Please wait ...
2025-07-15  6:47:38 0 [Note] InnoDB: File './ibtmp1' size is now 12.000MiB.
2025-07-15  6:47:38 0 [Note] InnoDB: log sequence number 37792; transaction id 4
2025-07-15  6:47:38 0 [Note] Plugin 'FEEDBACK' is disabled.
2025-07-15  6:47:38 0 [Note] InnoDB: Loading buffer pool(s) from D:\Server\data\ib_buffer_pool
2025-07-15  6:47:38 0 [Note] InnoDB: Buffer pool(s) load completed at 250715  6:47:38
2025-07-15  6:47:38 0 [Note] mysqld.exe: SSPI: using principal name 'localhost', mech 'Negotiate'
2025-07-15  6:47:38 0 [ERROR] Could not open mysql.plugin table: "Table 'mysql.plugin' doesn't exist". Some plugins may be not loaded
2025-07-15  6:47:38 0 [ERROR] Can't open and lock privilege tables: Table 'mysql.servers' doesn't exist
2025-07-15  6:47:39 0 [Note] Server socket created on IP: '::'.
2025-07-15  6:47:39 0 [Note] Server socket created on IP: '0.0.0.0'.
2025-07-15  6:47:39 0 [ERROR] Fatal error: Can't open and lock privilege tables: Table 'mysql.db' doesn't exist
2025-07-15  6:47:39 0 [ERROR] Aborting
2025-07-15  6:48:08 0 [Note] Starting MariaDB 11.8.2-MariaDB source revision 8d36cafe4fc700e6e577d5a36650c58707e76b92 server_uid zkqdTLr/hlgSR3JvOvNx9cawhEg= as process 19612
2025-07-15  6:48:08 0 [Note] InnoDB: Compressed tables use zlib 1.3.1
2025-07-15  6:48:08 0 [Note] InnoDB: Number of transaction pools: 1
2025-07-15  6:48:08 0 [Note] InnoDB: Using crc32 + pclmulqdq instructions
2025-07-15  6:48:08 0 [Note] InnoDB: innodb_buffer_pool_size_max=128m, innodb_buffer_pool_size=128m
2025-07-15  6:48:08 0 [Note] InnoDB: Completed initialization of buffer pool
2025-07-15  6:48:08 0 [Note] InnoDB: File system buffers for log disabled (block size=4096 bytes)
2025-07-15  6:48:08 0 [Note] InnoDB: End of log at LSN=37792
2025-07-15  6:48:08 0 [Note] InnoDB: Opened 3 undo tablespaces
2025-07-15  6:48:08 0 [Note] InnoDB: 128 rollback segments in 3 undo tablespaces are active.
2025-07-15  6:48:08 0 [Note] InnoDB: Setting file './ibtmp1' size to 12.000MiB. Physically writing the file full; Please wait ...
2025-07-15  6:48:08 0 [Note] InnoDB: File './ibtmp1' size is now 12.000MiB.
2025-07-15  6:48:08 0 [Note] InnoDB: log sequence number 37792; transaction id 4
2025-07-15  6:48:08 0 [Note] Plugin 'FEEDBACK' is disabled.
2025-07-15  6:48:08 0 [Note] InnoDB: Loading buffer pool(s) from D:\Server\data\ib_buffer_pool
2025-07-15  6:48:08 0 [Note] InnoDB: Buffer pool(s) load completed at 250715  6:48:08
2025-07-15  6:48:08 0 [Note] mysqld.exe: SSPI: using principal name 'localhost', mech 'Negotiate'
2025-07-15  6:48:08 0 [ERROR] Could not open mysql.plugin table: "Table 'mysql.plugin' doesn't exist". Some plugins may be not loaded
2025-07-15  6:48:08 0 [ERROR] Can't open and lock privilege tables: Table 'mysql.servers' doesn't exist
2025-07-15  6:48:08 0 [Note] Server socket created on IP: '::'.
2025-07-15  6:48:08 0 [Note] Server socket created on IP: '0.0.0.0'.
2025-07-15  6:48:08 0 [ERROR] Fatal error: Can't open and lock privilege tables: Table 'mysql.db' doesn't exist
2025-07-15  6:48:08 0 [ERROR] Aborting
2025-07-15  7:48:49 0 [Note] Starting MariaDB 11.8.2-MariaDB source revision 8d36cafe4fc700e6e577d5a36650c58707e76b92 server_uid zkqdTLr/hlgSR3JvOvNx9cawhEg= as process 23376
2025-07-15  7:48:50 0 [Note] InnoDB: Compressed tables use zlib 1.3.1
2025-07-15  7:48:50 0 [Note] InnoDB: Number of transaction pools: 1
2025-07-15  7:48:50 0 [Note] InnoDB: Using crc32 + pclmulqdq instructions
2025-07-15  7:48:50 0 [Note] InnoDB: innodb_buffer_pool_size_max=128m, innodb_buffer_pool_size=128m
2025-07-15  7:48:50 0 [Note] InnoDB: Completed initialization of buffer pool
2025-07-15  7:48:50 0 [Note] InnoDB: File system buffers for log disabled (block size=4096 bytes)
2025-07-15  7:48:50 0 [Note] InnoDB: End of log at LSN=37792
2025-07-15  7:48:50 0 [Note] InnoDB: Opened 3 undo tablespaces
2025-07-15  7:48:50 0 [Note] InnoDB: 128 rollback segments in 3 undo tablespaces are active.
2025-07-15  7:48:50 0 [Note] InnoDB: Setting file './ibtmp1' size to 12.000MiB. Physically writing the file full; Please wait ...
2025-07-15  7:48:50 0 [Note] InnoDB: File './ibtmp1' size is now 12.000MiB.
2025-07-15  7:48:50 0 [Note] InnoDB: log sequence number 37792; transaction id 4
2025-07-15  7:48:50 0 [Note] Plugin 'FEEDBACK' is disabled.
2025-07-15  7:48:50 0 [Note] InnoDB: Loading buffer pool(s) from D:\MagicServer\data\ib_buffer_pool
2025-07-15  7:48:50 0 [Note] mysqld.exe: SSPI: using principal name 'localhost', mech 'Negotiate'
2025-07-15  7:48:50 0 [ERROR] Could not open mysql.plugin table: "Table 'mysql.plugin' doesn't exist". Some plugins may be not loaded
2025-07-15  7:48:50 0 [Note] InnoDB: Buffer pool(s) load completed at 250715  7:48:50
2025-07-15  7:48:50 0 [ERROR] Can't open and lock privilege tables: Table 'mysql.servers' doesn't exist
2025-07-15  7:48:51 0 [Note] Server socket created on IP: '::'.
2025-07-15  7:48:51 0 [Note] Server socket created on IP: '0.0.0.0'.
2025-07-15  7:48:51 0 [ERROR] Fatal error: Can't open and lock privilege tables: Table 'mysql.db' doesn't exist
2025-07-15  7:48:51 0 [ERROR] Aborting
